#
# There is insufficient memory for the Java Runtime Environment to continue.
# Native memory allocation (malloc) failed to allocate 88080384 bytes for committing reserved memory.
# Possible reasons:
#   The system is out of physical RAM or swap space
#   In 32 bit mode, the process size limit was hit
# Possible solutions:
#   Reduce memory load on the system
#   Increase physical memory or swap space
#   Check if swap backing store is full
#   Use 64 bit Java on a 64 bit OS
#   Decrease Java heap size (-Xmx/-Xms)
#   Decrease number of Java threads
#   Decrease Java thread stack sizes (-Xss)
#   Set larger code cache with -XX:ReservedCodeCacheSize=
# This output file may be truncated or incomplete.
#
#  Out of Memory Error (os_linux.cpp:2809), pid=8628, tid=140378538764032
#
# JRE version: OpenJDK Runtime Environment (7.0_79-b14) (build 1.7.0_79-b14)
# Java VM: OpenJDK 64-Bit Server VM (24.79-b02 mixed mode linux-amd64 compressed oops)
# Derivative: IcedTea 2.5.6
# Distribution: Ubuntu 14.04 LTS, package 7u79-2.5.6-0ubuntu1.14.04.1
# Failed to write core dump. Core dumps have been disabled. To enable core dumping, try "ulimit -c unlimited" before starting Java again
#

---------------  T H R E A D  ---------------

Current thread (0x00007fac70075800):  VMThread [stack: 0x00007fac6cdfe000,0x00007fac6ceff000] [id=8668]

Stack: [0x00007fac6cdfe000,0x00007fac6ceff000],  sp=0x00007fac6cefd490,  free space=1021k
Native frames: (J=compiled Java code, j=interpreted, Vv=VM code, C=native code)
V  [libjvm.so+0x94afd5]  VMError::report_and_die()+0x175
V  [libjvm.so+0x48b9f4]  report_vm_out_of_memory(char const*, int, unsigned long, char const*)+0x74
V  [libjvm.so+0x7c809b]  os::pd_commit_memory(char*, unsigned long, unsigned long, bool)+0xeb
V  [libjvm.so+0x7c2b3f]  os::commit_memory(char*, unsigned long, unsigned long, bool)+0x1f
V  [libjvm.so+0x83503b]  PSVirtualSpace::expand_by(unsigned long)+0x5b
V  [libjvm.so+0x835e90]  PSYoungGen::resize_generation(unsigned long, unsigned long)+0xb0
V  [libjvm.so+0x83657b]  PSYoungGen::resize(unsigned long, unsigned long)+0x1b
V  [libjvm.so+0x832860]  PSScavenge::invoke_no_policy()+0xde0
V  [libjvm.so+0x833038]  PSScavenge::invoke()+0x38
V  [libjvm.so+0x7e9723]  ParallelScavengeHeap::failed_mem_allocate(unsigned long)+0x63
V  [libjvm.so+0x94c9d4]  VM_ParallelGCFailedAllocation::doit()+0x84
V  [libjvm.so+0x950ed7]  VM_Operation::evaluate()+0x47
V  [libjvm.so+0x94f848]  VMThread::evaluate_operation(VM_Operation*)+0x318
V  [libjvm.so+0x94fca9]  VMThread::loop()+0x219
V  [libjvm.so+0x9500f2]  VMThread::run()+0x72
V  [libjvm.so+0x7c4f62]  java_start(Thread*)+0xf2

VM_Operation (0x00007fac79113870): ParallelGCFailedAllocation, mode: safepoint, requested by thread 0x00007fac7000a800


---------------  P R O C E S S  ---------------

Java Threads: ( => current thread )
  0x00007fac701c3800 JavaThread "pool-1-thread-4" [_thread_blocked, id=8712, stack(0x00007fac5fcfd000,0x00007fac5fdfe000)]
  0x00007fac701c0000 JavaThread "pool-1-thread-3" [_thread_blocked, id=8710, stack(0x00007fac5fdfe000,0x00007fac5feff000)]
  0x00007fac701be000 JavaThread "pool-1-thread-2" [_thread_blocked, id=8706, stack(0x00007fac5feff000,0x00007fac60000000)]
  0x00007fac701b3000 JavaThread "pool-2-thread-1" [_thread_blocked, id=8705, stack(0x00007fac6404f000,0x00007fac64150000)]
  0x00007fac701af800 JavaThread "pool-1-thread-1" [_thread_blocked, id=8703, stack(0x00007fac64150000,0x00007fac64251000)]
  0x00007fac700ae800 JavaThread "Service Thread" daemon [_thread_blocked, id=8695, stack(0x00007fac6c0d2000,0x00007fac6c1d3000)]
  0x00007fac700ac000 JavaThread "C2 CompilerThread1" daemon [_thread_blocked, id=8692, stack(0x00007fac6c1d3000,0x00007fac6c2d4000)]
  0x00007fac700a9000 JavaThread "C2 CompilerThread0" daemon [_thread_in_native, id=8688, stack(0x00007fac6c2d4000,0x00007fac6c3d5000)]
  0x00007fac700a7000 JavaThread "Signal Dispatcher" daemon [_thread_blocked, id=8687, stack(0x00007fac6c3d5000,0x00007fac6c4d6000)]
  0x00007fac7007c000 JavaThread "Finalizer" daemon [_thread_blocked, id=8672, stack(0x00007fac6cbfc000,0x00007fac6ccfd000)]
  0x00007fac7007a000 JavaThread "Reference Handler" daemon [_thread_blocked, id=8669, stack(0x00007fac6ccfd000,0x00007fac6cdfe000)]
  0x00007fac7000a800 JavaThread "main" [_thread_blocked, id=8649, stack(0x00007fac79015000,0x00007fac79116000)]

Other Threads:
=>0x00007fac70075800 VMThread [stack: 0x00007fac6cdfe000,0x00007fac6ceff000] [id=8668]
  0x00007fac700b9000 WatcherThread [stack: 0x00007fac659cf000,0x00007fac65ad0000] [id=8697]

VM state:at safepoint (normal execution)

VM Mutex/Monitor currently owned by a thread:  ([mutex/lock_event])
[0x00007fac70006910] Threads_lock - owner thread: 0x00007fac70075800
[0x00007fac70006e10] Heap_lock - owner thread: 0x00007fac7000a800

Heap
 PSYoungGen      total 69632K, used 5100K [0x00000000eaa80000, 0x00000000ef380000, 0x0000000100000000)
  eden space 64512K, 0% used [0x00000000eaa80000,0x00000000eaa80000,0x00000000ee980000)
  from space 5120K, 99% used [0x00000000ee980000,0x00000000eee7b248,0x00000000eee80000)
  to   space 5120K, 0% used [0x00000000eee80000,0x00000000eee80000,0x00000000ef380000)
 ParOldGen       total 83968K, used 27422K [0x00000000c0000000, 0x00000000c5200000, 0x00000000eaa80000)
  object space 83968K, 32% used [0x00000000c0000000,0x00000000c1ac7a68,0x00000000c5200000)
 PSPermGen       total 21504K, used 6153K [0x00000000b5a00000, 0x00000000b6f00000, 0x00000000c0000000)
  object space 21504K, 28% used [0x00000000b5a00000,0x00000000b6002640,0x00000000b6f00000)

Card table byte_map: [0x00007fac75a09000,0x00007fac75c5d000] byte_map_base: 0x00007fac7545c000

Polling page: 0x00007fac7913a000

Code Cache  [0x00007fac6d000000, 0x00007fac6d270000, 0x00007fac70000000)
 total_blobs=510 nmethods=278 adapters=184 free_code_cache=47911Kb largest_free_block=49029888

Compilation events (10 events):
Event: 9.160 Thread 0x00007fac700ac000 nmethod 276 0x00007fac6d1309d0 code [0x00007fac6d130c00, 0x00007fac6d131a98]
Event: 9.160 Thread 0x00007fac700ac000  277             java.util.Collections$UnmodifiableCollection::iterator (9 bytes)
Event: 9.164 Thread 0x00007fac700ac000 nmethod 277 0x00007fac6d132e90 code [0x00007fac6d133000, 0x00007fac6d133298]
Event: 9.164 Thread 0x00007fac700ac000  278             com.android.dx.ssa.NormalSsaInsn::<init> (15 bytes)
Event: 9.165 Thread 0x00007fac700ac000 nmethod 278 0x00007fac6d114f90 code [0x00007fac6d1150e0, 0x00007fac6d115198]
Event: 9.165 Thread 0x00007fac700ac000  279             com.android.dx.ssa.Dominators::eval (29 bytes)
Event: 9.177 Thread 0x00007fac700ac000 nmethod 279 0x00007fac6d1398d0 code [0x00007fac6d139ae0, 0x00007fac6d13a410]
Event: 9.177 Thread 0x00007fac700ac000  280             com.android.dx.cf.code.Ropper::addExceptionSetupBlocks (203 bytes)
Event: 10.596 Thread 0x00007fac700ac000 nmethod 280 0x00007fac6d13b590 code [0x00007fac6d13b880, 0x00007fac6d13c660]
Event: 10.596 Thread 0x00007fac700ac000  281             com.android.dx.util.BitIntSet$1::hasNext (13 bytes)

GC Heap History (9 events):
Event: 2.448 GC heap before
{Heap before GC invocations=1 (full 0):
 PSYoungGen      total 37376K, used 32256K [0x00000000eaa80000, 0x00000000ed400000, 0x0000000100000000)
  eden space 32256K, 100% used [0x00000000eaa80000,0x00000000eca00000,0x00000000eca00000)
  from space 5120K, 0% used [0x00000000ecf00000,0x00000000ecf00000,0x00000000ed400000)
  to   space 5120K, 0% used [0x00000000eca00000,0x00000000eca00000,0x00000000ecf00000)
 ParOldGen       total 83968K, used 0K [0x00000000c0000000, 0x00000000c5200000, 0x00000000eaa80000)
  object space 83968K, 0% used [0x00000000c0000000,0x00000000c0000000,0x00000000c5200000)
 PSPermGen       total 21504K, used 5984K [0x00000000b5a00000, 0x00000000b6f00000, 0x00000000c0000000)
  object space 21504K, 27% used [0x00000000b5a00000,0x00000000b5fd80d8,0x00000000b6f00000)
Event: 2.465 GC heap after
Heap after GC invocations=1 (full 0):
 PSYoungGen      total 37376K, used 5114K [0x00000000eaa80000, 0x00000000ed400000, 0x0000000100000000)
  eden space 32256K, 0% used [0x00000000eaa80000,0x00000000eaa80000,0x00000000eca00000)
  from space 5120K, 99% used [0x00000000eca00000,0x00000000ecefeac8,0x00000000ecf00000)
  to   space 5120K, 0% used [0x00000000ecf00000,0x00000000ecf00000,0x00000000ed400000)
 ParOldGen       total 83968K, used 1709K [0x00000000c0000000, 0x00000000c5200000, 0x00000000eaa80000)
  object space 83968K, 2% used [0x00000000c0000000,0x00000000c01ab620,0x00000000c5200000)
 PSPermGen       total 21504K, used 5984K [0x00000000b5a00000, 0x00000000b6f00000, 0x00000000c0000000)
  object space 21504K, 27% used [0x00000000b5a00000,0x00000000b5fd80d8,0x00000000b6f00000)
}
Event: 4.050 GC heap before
{Heap before GC invocations=2 (full 0):
 PSYoungGen      total 37376K, used 37370K [0x00000000eaa80000, 0x00000000ed400000, 0x0000000100000000)
  eden space 32256K, 100% used [0x00000000eaa80000,0x00000000eca00000,0x00000000eca00000)
  from space 5120K, 99% used [0x00000000eca00000,0x00000000ecefeac8,0x00000000ecf00000)
  to   space 5120K, 0% used [0x00000000ecf00000,0x00000000ecf00000,0x00000000ed400000)
 ParOldGen       total 83968K, used 1709K [0x00000000c0000000, 0x00000000c5200000, 0x00000000eaa80000)
  object space 83968K, 2% used [0x00000000c0000000,0x00000000c01ab620,0x00000000c5200000)
 PSPermGen       total 21504K, used 6051K [0x00000000b5a00000, 0x00000000b6f00000, 0x00000000c0000000)
  object space 21504K, 28% used [0x00000000b5a00000,0x00000000b5fe8f60,0x00000000b6f00000)
Event: 4.100 GC heap after
Heap after GC invocations=2 (full 0):
 PSYoungGen      total 37376K, used 5098K [0x00000000eaa80000, 0x00000000ef380000, 0x0000000100000000)
  eden space 32256K, 0% used [0x00000000eaa80000,0x00000000eaa80000,0x00000000eca00000)
  from space 5120K, 99% used [0x00000000ecf00000,0x00000000ed3faa88,0x00000000ed400000)
  to   space 5120K, 0% used [0x00000000eca00000,0x00000000eca00000,0x00000000ecf00000)
 ParOldGen       total 83968K, used 7404K [0x00000000c0000000, 0x00000000c5200000, 0x00000000eaa80000)
  object space 83968K, 8% used [0x00000000c0000000,0x00000000c073b308,0x00000000c5200000)
 PSPermGen       total 21504K, used 6051K [0x00000000b5a00000, 0x00000000b6f00000, 0x00000000c0000000)
  object space 21504K, 28% used [0x00000000b5a00000,0x00000000b5fe8f60,0x00000000b6f00000)
}
Event: 5.571 GC heap before
{Heap before GC invocations=3 (full 0):
 PSYoungGen      total 37376K, used 37354K [0x00000000eaa80000, 0x00000000ef380000, 0x0000000100000000)
  eden space 32256K, 100% used [0x00000000eaa80000,0x00000000eca00000,0x00000000eca00000)
  from space 5120K, 99% used [0x00000000ecf00000,0x00000000ed3faa88,0x00000000ed400000)
  to   space 5120K, 0% used [0x00000000eca00000,0x00000000eca00000,0x00000000ecf00000)
 ParOldGen       total 83968K, used 7404K [0x00000000c0000000, 0x00000000c5200000, 0x00000000eaa80000)
  object space 83968K, 8% used [0x00000000c0000000,0x00000000c073b308,0x00000000c5200000)
 PSPermGen       total 21504K, used 6083K [0x00000000b5a00000, 0x00000000b6f00000, 0x00000000c0000000)
  object space 21504K, 28% used [0x00000000b5a00000,0x00000000b5ff0eb8,0x00000000b6f00000)
Event: 5.604 GC heap after
Heap after GC invocations=3 (full 0):
 PSYoungGen      total 37376K, used 5118K [0x00000000eaa80000, 0x00000000ef380000, 0x0000000100000000)
  eden space 32256K, 0% used [0x00000000eaa80000,0x00000000eaa80000,0x00000000eca00000)
  from space 5120K, 99% used [0x00000000eca00000,0x00000000eceff9a8,0x00000000ecf00000)
  to   space 5120K, 0% used [0x00000000eee80000,0x00000000eee80000,0x00000000ef380000)
 ParOldGen       total 83968K, used 11618K [0x00000000c0000000, 0x00000000c5200000, 0x00000000eaa80000)
  object space 83968K, 13% used [0x00000000c0000000,0x00000000c0b589c8,0x00000000c5200000)
 PSPermGen       total 21504K, used 6083K [0x00000000b5a00000, 0x00000000b6f00000, 0x00000000c0000000)
  object space 21504K, 28% used [0x00000000b5a00000,0x00000000b5ff0eb8,0x00000000b6f00000)
}
Event: 6.771 GC heap before
{Heap before GC invocations=4 (full 0):
 PSYoungGen      total 37376K, used 37374K [0x00000000eaa80000, 0x00000000ef380000, 0x0000000100000000)
  eden space 32256K, 100% used [0x00000000eaa80000,0x00000000eca00000,0x00000000eca00000)
  from space 5120K, 99% used [0x00000000eca00000,0x00000000eceff9a8,0x00000000ecf00000)
  to   space 5120K, 0% used [0x00000000eee80000,0x00000000eee80000,0x00000000ef380000)
 ParOldGen       total 83968K, used 11618K [0x00000000c0000000, 0x00000000c5200000, 0x00000000eaa80000)
  object space 83968K, 13% used [0x00000000c0000000,0x00000000c0b589c8,0x00000000c5200000)
 PSPermGen       total 21504K, used 6107K [0x00000000b5a00000, 0x00000000b6f00000, 0x00000000c0000000)
  object space 21504K, 28% used [0x00000000b5a00000,0x00000000b5ff6d28,0x00000000b6f00000)
Event: 7.157 GC heap after
Heap after GC invocations=4 (full 0):
 PSYoungGen      total 69632K, used 5097K [0x00000000eaa80000, 0x00000000ef380000, 0x0000000100000000)
  eden space 64512K, 0% used [0x00000000eaa80000,0x00000000eaa80000,0x00000000ee980000)
  from space 5120K, 99% used [0x00000000eee80000,0x00000000ef37a6a8,0x00000000ef380000)
  to   space 5120K, 0% used [0x00000000ee980000,0x00000000ee980000,0x00000000eee80000)
 ParOldGen       total 83968K, used 17054K [0x00000000c0000000, 0x00000000c5200000, 0x00000000eaa80000)
  object space 83968K, 20% used [0x00000000c0000000,0x00000000c10a7968,0x00000000c5200000)
 PSPermGen       total 21504K, used 6107K [0x00000000b5a00000, 0x00000000b6f00000, 0x00000000c0000000)
  object space 21504K, 28% used [0x00000000b5a00000,0x00000000b5ff6d28,0x00000000b6f00000)
}
Event: 16.588 GC heap before
{Heap before GC invocations=5 (full 0):
 PSYoungGen      total 69632K, used 69609K [0x00000000eaa80000, 0x00000000ef380000, 0x0000000100000000)
  eden space 64512K, 100% used [0x00000000eaa80000,0x00000000ee980000,0x00000000ee980000)
  from space 5120K, 99% used [0x00000000eee80000,0x00000000ef37a6a8,0x00000000ef380000)
  to   space 5120K, 0% used [0x00000000ee980000,0x00000000ee980000,0x00000000eee80000)
 ParOldGen       total 83968K, used 17054K [0x00000000c0000000, 0x00000000c5200000, 0x00000000eaa80000)
  object space 83968K, 20% used [0x00000000c0000000,0x00000000c10a7968,0x00000000c5200000)
 PSPermGen       total 21504K, used 6153K [0x00000000b5a00000, 0x00000000b6f00000, 0x00000000c0000000)
  object space 21504K, 28% used [0x00000000b5a00000,0x00000000b6002640,0x00000000b6f00000)

Deoptimization events (10 events):
Event: 1.456 Thread 0x00007fac701c0000 Uncommon trap: reason=class_check action=maybe_recompile pc=0x00007fac6d075e6c method=com.android.dx.ssa.NormalSsaInsn.accept(Lcom/android/dx/ssa/SsaInsn$Visitor;)V @ 9
Event: 1.456 Thread 0x00007fac701c0000 Uncommon trap: reason=class_check action=maybe_recompile pc=0x00007fac6d075e6c method=com.android.dx.ssa.NormalSsaInsn.accept(Lcom/android/dx/ssa/SsaInsn$Visitor;)V @ 9
Event: 1.496 Thread 0x00007fac701c0000 Uncommon trap: reason=null_check action=make_not_entrant pc=0x00007fac6d07d3a0 method=com.android.dx.rop.code.LocalItem.equals(Ljava/lang/Object;)Z @ 1
Event: 1.525 Thread 0x00007fac7000a800 Uncommon trap: reason=null_check action=make_not_entrant pc=0x00007fac6d079eb4 method=com.android.dx.rop.code.LocalItem.equals(Ljava/lang/Object;)Z @ 1
Event: 1.829 Thread 0x00007fac701c3800 Uncommon trap: reason=unreached action=reinterpret pc=0x00007fac6d083144 method=com.android.dx.rop.cst.Constant.compareTo(Lcom/android/dx/rop/cst/Constant;)I @ 12
Event: 3.034 Thread 0x00007fac7000a800 Uncommon trap: reason=null_check action=make_not_entrant pc=0x00007fac6d0a6244 method=com.android.dx.rop.type.Type.putIntern(Lcom/android/dx/rop/type/Type;)Lcom/android/dx/rop/type/Type; @ 18
Event: 3.905 Thread 0x00007fac701c0000 Uncommon trap: reason=unreached action=reinterpret pc=0x00007fac6d0cfd40 method=com.android.dx.ssa.LocalVariableExtractor.processBlock(I)V @ 251
Event: 5.065 Thread 0x00007fac701be000 Uncommon trap: reason=null_check action=make_not_entrant pc=0x00007fac6d087a7c method=com.android.dx.ssa.SsaRenamer.getLocalForNewReg(I)Lcom/android/dx/rop/code/LocalItem; @ 19
Event: 5.937 Thread 0x00007fac7000a800 Uncommon trap: reason=null_check action=make_not_entrant pc=0x00007fac6d092f34 method=com.android.dx.ssa.SsaRenamer.getLocalForNewReg(I)Lcom/android/dx/rop/code/LocalItem; @ 19
Event: 9.119 Thread 0x00007fac701af800 Uncommon trap: reason=null_check action=make_not_entrant pc=0x00007fac6d11e52c method=com.android.dx.cf.code.Ropper$CatchInfo.getSetup(Lcom/android/dx/rop/type/Type;)Lcom/android/dx/cf/code/Ropper$ExceptionHandlerSetup; @ 10

Internal exceptions (10 events):
Event: 1.860 Thread 0x00007fac7000a800 Threw 0x00000000ebd19ad8 at /build/openjdk-7-FO0dNI/openjdk-7-7u79-2.5.6/build/openjdk/hotspot/src/share/vm/prims/jvm.cpp:1284
Event: 1.928 Thread 0x00007fac7000a800 Threw 0x00000000ebec8ec8 at /build/openjdk-7-FO0dNI/openjdk-7-7u79-2.5.6/build/openjdk/hotspot/src/share/vm/prims/jvm.cpp:1284
Event: 1.928 Thread 0x00007fac7000a800 Threw 0x00000000ebecf0b0 at /build/openjdk-7-FO0dNI/openjdk-7-7u79-2.5.6/build/openjdk/hotspot/src/share/vm/prims/jvm.cpp:1284
Event: 1.929 Thread 0x00007fac7000a800 Threw 0x00000000ebed50f0 at /build/openjdk-7-FO0dNI/openjdk-7-7u79-2.5.6/build/openjdk/hotspot/src/share/vm/prims/jvm.cpp:1284
Event: 3.034 Thread 0x00007fac7000a800 Implicit null exception at 0x00007fac6d0a5b0b to 0x00007fac6d0a6235
Event: 5.065 Thread 0x00007fac701be000 Implicit null exception at 0x00007fac6d086fdb to 0x00007fac6d087a61
Event: 5.937 Thread 0x00007fac7000a800 Implicit null exception at 0x00007fac6d0925d3 to 0x00007fac6d092f1d
Event: 6.174 Thread 0x00007fac701c3800 Threw 0x00000000ebadbf20 at /build/openjdk-7-FO0dNI/openjdk-7-7u79-2.5.6/build/openjdk/hotspot/src/share/vm/prims/jvm.cpp:1284
Event: 9.009 Thread 0x00007fac701af800 Implicit null exception at 0x00007fac6d11affd to 0x00007fac6d11e4f9
Event: 9.016 Thread 0x00007fac7000a800 Threw 0x00000000edccd600 at /build/openjdk-7-FO0dNI/openjdk-7-7u79-2.5.6/build/openjdk/hotspot/src/share/vm/prims/jvm.cpp:1284

Events (10 events):
Event: 8.597 Thread 0x00007fac700ac000 flushing nmethod 0x00007fac6d075b10
Event: 8.597 Thread 0x00007fac700ac000 flushing nmethod 0x00007fac6d079790
Event: 8.597 Thread 0x00007fac700ac000 flushing nmethod 0x00007fac6d07c490
Event: 8.599 Thread 0x00007fac700ac000 flushing nmethod 0x00007fac6d082f90
Event: 9.016 loading class 0x00007fac70112ea0
Event: 9.016 loading class 0x00007fac70112ea0 done
Event: 9.119 Thread 0x00007fac701af800 Uncommon trap: trap_request=0xfffffff4 fr.pc=0x00007fac6d11e52c
Event: 9.119 Thread 0x00007fac701af800 DEOPT PACKING pc=0x00007fac6d11e52c sp=0x00007fac6424f290
Event: 9.246 Thread 0x00007fac701af800 DEOPT UNPACKING pc=0x00007fac6d039445 sp=0x00007fac6424f1f8 mode 2
Event: 16.371 Executing VM operation: ParallelGCFailedAllocation


Dynamic libraries:
00400000-00401000 r-xp 00000000 08:01 5140532                            /usr/lib/jvm/java-7-openjdk-amd64/jre/bin/java
00600000-00601000 r--p 00000000 08:01 5140532                            /usr/lib/jvm/java-7-openjdk-amd64/jre/bin/java
00601000-00602000 rw-p 00001000 08:01 5140532                            /usr/lib/jvm/java-7-openjdk-amd64/jre/bin/java
02534000-02555000 rw-p 00000000 00:00 0                                  [heap]
b5a00000-b6f00000 rw-p 00000000 00:00 0 
b6f00000-c0000000 rw-p 00000000 00:00 0 
c0000000-c5200000 rw-p 00000000 00:00 0 
c5200000-eaa80000 rw-p 00000000 00:00 0 
eaa80000-ef380000 rw-p 00000000 00:00 0 
f4780000-100000000 rw-p 00000000 00:00 0 
7fac20000000-7fac20027000 rw-p 00000000 00:00 0 
7fac20027000-7fac24000000 ---p 00000000 00:00 0 
7fac24000000-7fac24021000 rw-p 00000000 00:00 0 
7fac24021000-7fac28000000 ---p 00000000 00:00 0 
7fac28000000-7fac28021000 rw-p 00000000 00:00 0 
7fac28021000-7fac2c000000 ---p 00000000 00:00 0 
7fac2c000000-7fac2c021000 rw-p 00000000 00:00 0 
7fac2c021000-7fac30000000 ---p 00000000 00:00 0 
7fac30000000-7fac30021000 rw-p 00000000 00:00 0 
7fac30021000-7fac34000000 ---p 00000000 00:00 0 
7fac34000000-7fac34048000 rw-p 00000000 00:00 0 
7fac34048000-7fac38000000 ---p 00000000 00:00 0 
7fac38000000-7fac39453000 rw-p 00000000 00:00 0 
7fac39453000-7fac3c000000 ---p 00000000 00:00 0 
7fac3c000000-7fac3c021000 rw-p 00000000 00:00 0 
7fac3c021000-7fac40000000 ---p 00000000 00:00 0 
7fac40000000-7fac40021000 rw-p 00000000 00:00 0 
7fac40021000-7fac44000000 ---p 00000000 00:00 0 
7fac44000000-7fac45665000 rw-p 00000000 00:00 0 
7fac45665000-7fac48000000 ---p 00000000 00:00 0 
7fac48000000-7fac48021000 rw-p 00000000 00:00 0 
7fac48021000-7fac4c000000 ---p 00000000 00:00 0 
7fac4c000000-7fac4c021000 rw-p 00000000 00:00 0 
7fac4c021000-7fac50000000 ---p 00000000 00:00 0 
7fac50000000-7fac50021000 rw-p 00000000 00:00 0 
7fac50021000-7fac54000000 ---p 00000000 00:00 0 
7fac54000000-7fac54262000 rw-p 00000000 00:00 0 
7fac54262000-7fac58000000 ---p 00000000 00:00 0 
7fac58000000-7fac58028000 rw-p 00000000 00:00 0 
7fac58028000-7fac5c000000 ---p 00000000 00:00 0 
7fac5fcfd000-7fac5fd00000 ---p 00000000 00:00 0 
7fac5fd00000-7fac5fdfe000 rw-p 00000000 00:00 0                          [stack:8712]
7fac5fdfe000-7fac5fe01000 ---p 00000000 00:00 0 
7fac5fe01000-7fac5feff000 rw-p 00000000 00:00 0                          [stack:8710]
7fac5feff000-7fac5ff02000 ---p 00000000 00:00 0 
7fac5ff02000-7fac60000000 rw-p 00000000 00:00 0                          [stack:8706]
7fac60000000-7fac60021000 rw-p 00000000 00:00 0 
7fac60021000-7fac64000000 ---p 00000000 00:00 0 
7fac6404f000-7fac64052000 ---p 00000000 00:00 0 
7fac64052000-7fac64150000 rw-p 00000000 00:00 0                          [stack:8705]
7fac64150000-7fac64153000 ---p 00000000 00:00 0 
7fac64153000-7fac64251000 rw-p 00000000 00:00 0                          [stack:8703]
7fac64251000-7fac6428e000 r-xp 00000000 08:01 4196576                    /lib/x86_64-linux-gnu/libpcre.so.3.13.1
7fac6428e000-7fac6448d000 ---p 0003d000 08:01 4196576                    /lib/x86_64-linux-gnu/libpcre.so.3.13.1
7fac6448d000-7fac6448e000 r--p 0003c000 08:01 4196576                    /lib/x86_64-linux-gnu/libpcre.so.3.13.1
7fac6448e000-7fac6448f000 rw-p 0003d000 08:01 4196576                    /lib/x86_64-linux-gnu/libpcre.so.3.13.1
7fac6448f000-7fac64496000 r-xp 00000000 08:01 5120515                    /usr/lib/x86_64-linux-gnu/libffi.so.6.0.1
7fac64496000-7fac64695000 ---p 00007000 08:01 5120515                    /usr/lib/x86_64-linux-gnu/libffi.so.6.0.1
7fac64695000-7fac64696000 r--p 00006000 08:01 5120515                    /usr/lib/x86_64-linux-gnu/libffi.so.6.0.1
7fac64696000-7fac64697000 rw-p 00007000 08:01 5120515                    /usr/lib/x86_64-linux-gnu/libffi.so.6.0.1
7fac64697000-7fac646ae000 r-xp 00000000 08:01 4194309                    /lib/x86_64-linux-gnu/libresolv-2.19.so
7fac646ae000-7fac648ae000 ---p 00017000 08:01 4194309                    /lib/x86_64-linux-gnu/libresolv-2.19.so
7fac648ae000-7fac648af000 r--p 00017000 08:01 4194309                    /lib/x86_64-linux-gnu/libresolv-2.19.so
7fac648af000-7fac648b0000 rw-p 00018000 08:01 4194309                    /lib/x86_64-linux-gnu/libresolv-2.19.so
7fac648b0000-7fac648b2000 rw-p 00000000 00:00 0 
7fac648b2000-7fac648d2000 r-xp 00000000 08:01 4194333                    /lib/x86_64-linux-gnu/libselinux.so.1
7fac648d2000-7fac64ad1000 ---p 00020000 08:01 4194333                    /lib/x86_64-linux-gnu/libselinux.so.1
7fac64ad1000-7fac64ad2000 r--p 0001f000 08:01 4194333                    /lib/x86_64-linux-gnu/libselinux.so.1
7fac64ad2000-7fac64ad3000 rw-p 00020000 08:01 4194333                    /lib/x86_64-linux-gnu/libselinux.so.1
7fac64ad3000-7fac64ad5000 rw-p 00000000 00:00 0 
7fac64ad5000-7fac64ad8000 r-xp 00000000 08:01 5112172                    /usr/lib/x86_64-linux-gnu/libgmodule-2.0.so.0.4002.0
7fac64ad8000-7fac64cd7000 ---p 00003000 08:01 5112172                    /usr/lib/x86_64-linux-gnu/libgmodule-2.0.so.0.4002.0
7fac64cd7000-7fac64cd8000 r--p 00002000 08:01 5112172                    /usr/lib/x86_64-linux-gnu/libgmodule-2.0.so.0.4002.0
7fac64cd8000-7fac64cd9000 rw-p 00003000 08:01 5112172                    /usr/lib/x86_64-linux-gnu/libgmodule-2.0.so.0.4002.0
7fac64cd9000-7fac64ddf000 r-xp 00000000 08:01 4195504                    /lib/x86_64-linux-gnu/libglib-2.0.so.0.4002.0
7fac64ddf000-7fac64fde000 ---p 00106000 08:01 4195504                    /lib/x86_64-linux-gnu/libglib-2.0.so.0.4002.0
7fac64fde000-7fac64fdf000 r--p 00105000 08:01 4195504                    /lib/x86_64-linux-gnu/libglib-2.0.so.0.4002.0
7fac64fdf000-7fac64fe0000 rw-p 00106000 08:01 4195504                    /lib/x86_64-linux-gnu/libglib-2.0.so.0.4002.0
7fac64fe0000-7fac64fe1000 rw-p 00000000 00:00 0 
7fac64fe1000-7fac65030000 r-xp 00000000 08:01 5112190                    /usr/lib/x86_64-linux-gnu/libgobject-2.0.so.0.4002.0
7fac65030000-7fac65230000 ---p 0004f000 08:01 5112190                    /usr/lib/x86_64-linux-gnu/libgobject-2.0.so.0.4002.0
7fac65230000-7fac65231000 r--p 0004f000 08:01 5112190                    /usr/lib/x86_64-linux-gnu/libgobject-2.0.so.0.4002.0
7fac65231000-7fac65232000 rw-p 00050000 08:01 5112190                    /usr/lib/x86_64-linux-gnu/libgobject-2.0.so.0.4002.0
7fac65232000-7fac6539e000 r-xp 00000000 08:01 5112194                    /usr/lib/x86_64-linux-gnu/libgio-2.0.so.0.4002.0
7fac6539e000-7fac6559d000 ---p 0016c000 08:01 5112194                    /usr/lib/x86_64-linux-gnu/libgio-2.0.so.0.4002.0
7fac6559d000-7fac655a1000 r--p 0016b000 08:01 5112194                    /usr/lib/x86_64-linux-gnu/libgio-2.0.so.0.4002.0
7fac655a1000-7fac655a3000 rw-p 0016f000 08:01 5112194                    /usr/lib/x86_64-linux-gnu/libgio-2.0.so.0.4002.0
7fac655a3000-7fac655a5000 rw-p 00000000 00:00 0 
7fac655a5000-7fac655bc000 r-xp 00000000 08:01 5140489                    /usr/lib/jvm/java-7-openjdk-amd64/jre/lib/amd64/libnet.so
7fac655bc000-7fac657bb000 ---p 00017000 08:01 5140489                    /usr/lib/jvm/java-7-openjdk-amd64/jre/lib/amd64/libnet.so
7fac657bb000-7fac657bc000 r--p 00016000 08:01 5140489                    /usr/lib/jvm/java-7-openjdk-amd64/jre/lib/amd64/libnet.so
7fac657bc000-7fac657bd000 rw-p 00017000 08:01 5140489                    /usr/lib/jvm/java-7-openjdk-amd64/jre/lib/amd64/libnet.so
7fac657bd000-7fac657cd000 r-xp 00000000 08:01 5140494                    /usr/lib/jvm/java-7-openjdk-amd64/jre/lib/amd64/libnio.so
7fac657cd000-7fac659cd000 ---p 00010000 08:01 5140494                    /usr/lib/jvm/java-7-openjdk-amd64/jre/lib/amd64/libnio.so
7fac659cd000-7fac659ce000 r--p 00010000 08:01 5140494                    /usr/lib/jvm/java-7-openjdk-amd64/jre/lib/amd64/libnio.so
7fac659ce000-7fac659cf000 rw-p 00011000 08:01 5140494                    /usr/lib/jvm/java-7-openjdk-amd64/jre/lib/amd64/libnio.so
7fac659cf000-7fac659d0000 ---p 00000000 00:00 0 
7fac659d0000-7fac68000000 rw-p 00000000 00:00 0                          [stack:8697]
7fac68000000-7fac68021000 rw-p 00000000 00:00 0 
7fac68021000-7fac6c000000 ---p 00000000 00:00 0 
7fac6c05c000-7fac6c0d2000 rw-p 00000000 00:00 0 
7fac6c0d2000-7fac6c0d5000 ---p 00000000 00:00 0 
7fac6c0d5000-7fac6c1d3000 rw-p 00000000 00:00 0                          [stack:8695]
7fac6c1d3000-7fac6c1d6000 ---p 00000000 00:00 0 
7fac6c1d6000-7fac6c2d4000 rw-p 00000000 00:00 0                          [stack:8692]
7fac6c2d4000-7fac6c2d7000 ---p 00000000 00:00 0 
7fac6c2d7000-7fac6c3d5000 rw-p 00000000 00:00 0                          [stack:8688]
7fac6c3d5000-7fac6c3d8000 ---p 00000000 00:00 0 
7fac6c3d8000-7fac6c4d6000 rw-p 00000000 00:00 0                          [stack:8687]
7fac6c4d6000-7fac6cbfc000 r--p 00000000 08:01 5119151                    /usr/lib/locale/locale-archive
7fac6cbfc000-7fac6cbff000 ---p 00000000 00:00 0 
7fac6cbff000-7fac6ccfd000 rw-p 00000000 00:00 0                          [stack:8672]
7fac6ccfd000-7fac6cd00000 ---p 00000000 00:00 0 
7fac6cd00000-7fac6cdfe000 rw-p 00000000 00:00 0                          [stack:8669]
7fac6cdfe000-7fac6cdff000 ---p 00000000 00:00 0 
7fac6cdff000-7fac6d000000 rw-p 00000000 00:00 0                          [stack:8668]
7fac6d000000-7fac6d270000 rwxp 00000000 00:00 0 
7fac6d270000-7fac701f4000 rw-p 00000000 00:00 0 
7fac701f4000-7fac74000000 ---p 00000000 00:00 0 
7fac74039000-7fac7404b000 r--s 000c6000 08:01 4947329                    /var/www/android-project/MyTestApp/app/build/intermediates/exploded-aar/com.android.support/support-v4/22.2.1/jars/classes.jar
7fac7404b000-7fac74f47000 rw-p 00000000 00:00 0 
7fac74f47000-7fac750f8000 r--s 01d29000 08:01 5118262                    /usr/lib/jvm/java-7-openjdk-amd64/jre/lib/rt.jar
7fac750f8000-7fac7545c000 rw-p 00000000 00:00 0 
7fac7545c000-7fac7545d000 ---p 00000000 00:00 0 
7fac7545d000-7fac7555d000 rw-p 00000000 00:00 0                          [stack:8665]
7fac7555d000-7fac7555e000 ---p 00000000 00:00 0 
7fac7555e000-7fac7565e000 rw-p 00000000 00:00 0                          [stack:8664]
7fac7565e000-7fac7565f000 ---p 00000000 00:00 0 
7fac7565f000-7fac7575f000 rw-p 00000000 00:00 0                          [stack:8663]
7fac7575f000-7fac75760000 ---p 00000000 00:00 0 
7fac75760000-7fac7586b000 rw-p 00000000 00:00 0                          [stack:8661]
7fac7586b000-7fac758b3000 rw-p 00000000 00:00 0 
7fac758b3000-7fac758dc000 rw-p 00000000 00:00 0 
7fac758dc000-7fac75a09000 rw-p 00000000 00:00 0 
7fac75a09000-7fac75a14000 rw-p 00000000 00:00 0 
7fac75a14000-7fac75a5c000 rw-p 00000000 00:00 0 
7fac75a5c000-7fac75a85000 rw-p 00000000 00:00 0 
7fac75a85000-7fac75bb1000 rw-p 00000000 00:00 0 
7fac75bb1000-7fac75bd6000 rw-p 00000000 00:00 0 
7fac75bd6000-7fac75c5c000 rw-p 00000000 00:00 0 
7fac75c5c000-7fac75c5d000 rw-p 00000000 00:00 0 
7fac75c5d000-7fac75c65000 r-xp 00000000 08:01 5140463                    /usr/lib/jvm/java-7-openjdk-amd64/jre/lib/amd64/libzip.so
7fac75c65000-7fac75e64000 ---p 00008000 08:01 5140463                    /usr/lib/jvm/java-7-openjdk-amd64/jre/lib/amd64/libzip.so
7fac75e64000-7fac75e65000 r--p 00007000 08:01 5140463                    /usr/lib/jvm/java-7-openjdk-amd64/jre/lib/amd64/libzip.so
7fac75e65000-7fac75e66000 rw-p 00008000 08:01 5140463                    /usr/lib/jvm/java-7-openjdk-amd64/jre/lib/amd64/libzip.so
7fac75e66000-7fac75e71000 r-xp 00000000 08:01 4207759                    /lib/x86_64-linux-gnu/libnss_files-2.19.so
7fac75e71000-7fac76070000 ---p 0000b000 08:01 4207759                    /lib/x86_64-linux-gnu/libnss_files-2.19.so
7fac76070000-7fac76071000 r--p 0000a000 08:01 4207759                    /lib/x86_64-linux-gnu/libnss_files-2.19.so
7fac76071000-7fac76072000 rw-p 0000b000 08:01 4207759                    /lib/x86_64-linux-gnu/libnss_files-2.19.so
7fac76072000-7fac7607d000 r-xp 00000000 08:01 4214180                    /lib/x86_64-linux-gnu/libnss_nis-2.19.so
7fac7607d000-7fac7627c000 ---p 0000b000 08:01 4214180                    /lib/x86_64-linux-gnu/libnss_nis-2.19.so
7fac7627c000-7fac7627d000 r--p 0000a000 08:01 4214180                    /lib/x86_64-linux-gnu/libnss_nis-2.19.so
7fac7627d000-7fac7627e000 rw-p 0000b000 08:01 4214180                    /lib/x86_64-linux-gnu/libnss_nis-2.19.so
7fac7627e000-7fac76295000 r-xp 00000000 08:01 4209445                    /lib/x86_64-linux-gnu/libnsl-2.19.so
7fac76295000-7fac76494000 ---p 00017000 08:01 4209445                    /lib/x86_64-linux-gnu/libnsl-2.19.so
7fac76494000-7fac76495000 r--p 00016000 08:01 4209445                    /lib/x86_64-linux-gnu/libnsl-2.19.so
7fac76495000-7fac76496000 rw-p 00017000 08:01 4209445                    /lib/x86_64-linux-gnu/libnsl-2.19.so
7fac76496000-7fac76498000 rw-p 00000000 00:00 0 
7fac76498000-7fac764a1000 r-xp 00000000 08:01 4209444                    /lib/x86_64-linux-gnu/libnss_compat-2.19.so
7fac764a1000-7fac766a0000 ---p 00009000 08:01 4209444                    /lib/x86_64-linux-gnu/libnss_compat-2.19.so
7fac766a0000-7fac766a1000 r--p 00008000 08:01 4209444                    /lib/x86_64-linux-gnu/libnss_compat-2.19.so
7fac766a1000-7fac766a2000 rw-p 00009000 08:01 4209444                    /lib/x86_64-linux-gnu/libnss_compat-2.19.so
7fac766a2000-7fac766cd000 r-xp 00000000 08:01 5140497                    /usr/lib/jvm/java-7-openjdk-amd64/jre/lib/amd64/libjava.so
7fac766cd000-7fac768cc000 ---p 0002b000 08:01 5140497                    /usr/lib/jvm/java-7-openjdk-amd64/jre/lib/amd64/libjava.so
7fac768cc000-7fac768cd000 r--p 0002a000 08:01 5140497                    /usr/lib/jvm/java-7-openjdk-amd64/jre/lib/amd64/libjava.so
7fac768cd000-7fac768cf000 rw-p 0002b000 08:01 5140497                    /usr/lib/jvm/java-7-openjdk-amd64/jre/lib/amd64/libjava.so
7fac768cf000-7fac768df000 r-xp 00000000 08:01 5140479                    /usr/lib/jvm/java-7-openjdk-amd64/jre/lib/amd64/libverify.so
7fac768df000-7fac76ade000 ---p 00010000 08:01 5140479                    /usr/lib/jvm/java-7-openjdk-amd64/jre/lib/amd64/libverify.so
7fac76ade000-7fac76ae0000 r--p 0000f000 08:01 5140479                    /usr/lib/jvm/java-7-openjdk-amd64/jre/lib/amd64/libverify.so
7fac76ae0000-7fac76ae1000 rw-p 00011000 08:01 5140479                    /usr/lib/jvm/java-7-openjdk-amd64/jre/lib/amd64/libverify.so
7fac76ae1000-7fac76ae8000 r-xp 00000000 08:01 4209890                    /lib/x86_64-linux-gnu/librt-2.19.so
7fac76ae8000-7fac76ce7000 ---p 00007000 08:01 4209890                    /lib/x86_64-linux-gnu/librt-2.19.so
7fac76ce7000-7fac76ce8000 r--p 00006000 08:01 4209890                    /lib/x86_64-linux-gnu/librt-2.19.so
7fac76ce8000-7fac76ce9000 rw-p 00007000 08:01 4209890                    /lib/x86_64-linux-gnu/librt-2.19.so
7fac76ce9000-7fac76cff000 r-xp 00000000 08:01 4194405                    /lib/x86_64-linux-gnu/libgcc_s.so.1
7fac76cff000-7fac76efe000 ---p 00016000 08:01 4194405                    /lib/x86_64-linux-gnu/libgcc_s.so.1
7fac76efe000-7fac76eff000 rw-p 00015000 08:01 4194405                    /lib/x86_64-linux-gnu/libgcc_s.so.1
7fac76eff000-7fac77004000 r-xp 00000000 08:01 4194323                    /lib/x86_64-linux-gnu/libm-2.19.so
7fac77004000-7fac77203000 ---p 00105000 08:01 4194323                    /lib/x86_64-linux-gnu/libm-2.19.so
7fac77203000-7fac77204000 r--p 00104000 08:01 4194323                    /lib/x86_64-linux-gnu/libm-2.19.so
7fac77204000-7fac77205000 rw-p 00105000 08:01 4194323                    /lib/x86_64-linux-gnu/libm-2.19.so
7fac77205000-7fac772eb000 r-xp 00000000 08:01 5127079                    /usr/lib/x86_64-linux-gnu/libstdc++.so.6.0.19
7fac772eb000-7fac774ea000 ---p 000e6000 08:01 5127079                    /usr/lib/x86_64-linux-gnu/libstdc++.so.6.0.19
7fac774ea000-7fac774f2000 r--p 000e5000 08:01 5127079                    /usr/lib/x86_64-linux-gnu/libstdc++.so.6.0.19
7fac774f2000-7fac774f4000 rw-p 000ed000 08:01 5127079                    /usr/lib/x86_64-linux-gnu/libstdc++.so.6.0.19
7fac774f4000-7fac77509000 rw-p 00000000 00:00 0 
7fac77509000-7fac78022000 r-xp 00000000 08:01 5140467                    /usr/lib/jvm/java-7-openjdk-amd64/jre/lib/amd64/server/libjvm.so
7fac78022000-7fac78222000 ---p 00b19000 08:01 5140467                    /usr/lib/jvm/java-7-openjdk-amd64/jre/lib/amd64/server/libjvm.so
7fac78222000-7fac782bc000 r--p 00b19000 08:01 5140467                    /usr/lib/jvm/java-7-openjdk-amd64/jre/lib/amd64/server/libjvm.so
7fac782bc000-7fac782df000 rw-p 00bb3000 08:01 5140467                    /usr/lib/jvm/java-7-openjdk-amd64/jre/lib/amd64/server/libjvm.so
7fac782df000-7fac7830d000 rw-p 00000000 00:00 0 
7fac7830d000-7fac78325000 r-xp 00000000 08:01 4198485                    /lib/x86_64-linux-gnu/libz.so.1.2.8
7fac78325000-7fac78524000 ---p 00018000 08:01 4198485                    /lib/x86_64-linux-gnu/libz.so.1.2.8
7fac78524000-7fac78525000 r--p 00017000 08:01 4198485                    /lib/x86_64-linux-gnu/libz.so.1.2.8
7fac78525000-7fac78526000 rw-p 00018000 08:01 4198485                    /lib/x86_64-linux-gnu/libz.so.1.2.8
7fac78526000-7fac7853f000 r-xp 00000000 08:01 4209879                    /lib/x86_64-linux-gnu/libpthread-2.19.so
7fac7853f000-7fac7873e000 ---p 00019000 08:01 4209879                    /lib/x86_64-linux-gnu/libpthread-2.19.so
7fac7873e000-7fac7873f000 r--p 00018000 08:01 4209879                    /lib/x86_64-linux-gnu/libpthread-2.19.so
7fac7873f000-7fac78740000 rw-p 00019000 08:01 4209879                    /lib/x86_64-linux-gnu/libpthread-2.19.so
7fac78740000-7fac78744000 rw-p 00000000 00:00 0 
7fac78744000-7fac78747000 r-xp 00000000 08:01 4209433                    /lib/x86_64-linux-gnu/libdl-2.19.so
7fac78747000-7fac78946000 ---p 00003000 08:01 4209433                    /lib/x86_64-linux-gnu/libdl-2.19.so
7fac78946000-7fac78947000 r--p 00002000 08:01 4209433                    /lib/x86_64-linux-gnu/libdl-2.19.so
7fac78947000-7fac78948000 rw-p 00003000 08:01 4209433                    /lib/x86_64-linux-gnu/libdl-2.19.so
7fac78948000-7fac78b03000 r-xp 00000000 08:01 4209877                    /lib/x86_64-linux-gnu/libc-2.19.so
7fac78b03000-7fac78d02000 ---p 001bb000 08:01 4209877                    /lib/x86_64-linux-gnu/libc-2.19.so
7fac78d02000-7fac78d06000 r--p 001ba000 08:01 4209877                    /lib/x86_64-linux-gnu/libc-2.19.so
7fac78d06000-7fac78d08000 rw-p 001be000 08:01 4209877                    /lib/x86_64-linux-gnu/libc-2.19.so
7fac78d08000-7fac78d0d000 rw-p 00000000 00:00 0 
7fac78d0d000-7fac78d1a000 r-xp 00000000 08:01 5140465                    /usr/lib/jvm/java-7-openjdk-amd64/jre/lib/amd64/jli/libjli.so
7fac78d1a000-7fac78f19000 ---p 0000d000 08:01 5140465                    /usr/lib/jvm/java-7-openjdk-amd64/jre/lib/amd64/jli/libjli.so
7fac78f19000-7fac78f1a000 r--p 0000c000 08:01 5140465                    /usr/lib/jvm/java-7-openjdk-amd64/jre/lib/amd64/jli/libjli.so
7fac78f1a000-7fac78f1b000 rw-p 0000d000 08:01 5140465                    /usr/lib/jvm/java-7-openjdk-amd64/jre/lib/amd64/jli/libjli.so
7fac78f1b000-7fac78f3e000 r-xp 00000000 08:01 4209870                    /lib/x86_64-linux-gnu/ld-2.19.so
7fac78f46000-7fac78f55000 r--s 000df000 08:01 4683568                    /home/kirthan/Android/Sdk/build-tools/23.0.1/lib/dx.jar
7fac78f55000-7fac78f5f000 rw-p 00000000 00:00 0 
7fac78f5f000-7fac79015000 rw-p 00000000 00:00 0 
7fac79015000-7fac79018000 ---p 00000000 00:00 0 
7fac79018000-7fac7911b000 rw-p 00000000 00:00 0                          [stack:8649]
7fac7911c000-7fac7911d000 rw-p 00000000 00:00 0 
7fac7911d000-7fac7911e000 r--s 00002000 08:01 5140451                    /usr/lib/jvm/java-7-openjdk-amd64/jre/lib/ext/dnsns.jar
7fac7911e000-7fac79120000 r--s 00012000 08:01 5140455                    /usr/lib/jvm/java-7-openjdk-amd64/jre/lib/ext/zipfs.jar
7fac79120000-7fac79123000 r--s 0000f000 08:01 5140454                    /usr/lib/jvm/java-7-openjdk-amd64/jre/lib/ext/icedtea-sound.jar
7fac79123000-7fac79127000 r--s 0003c000 08:01 5140453                    /usr/lib/jvm/java-7-openjdk-amd64/jre/lib/ext/sunpkcs11.jar
7fac79127000-7fac7912b000 r--s 00085000 08:01 5140450                    /usr/lib/jvm/java-7-openjdk-amd64/jre/lib/ext/localedata.jar
7fac7912b000-7fac7912d000 r--s 00006000 08:01 2399                       /usr/share/java/java-atk-wrapper.jar
7fac7912d000-7fac79131000 r--s 00034000 08:01 5140452                    /usr/lib/jvm/java-7-openjdk-amd64/jre/lib/ext/sunjce_provider.jar
7fac79131000-7fac79139000 rw-s 00000000 08:01 5401948                    /tmp/hsperfdata_kirthan/8628
7fac79139000-7fac7913a000 rw-p 00000000 00:00 0 
7fac7913a000-7fac7913b000 ---p 00000000 00:00 0 
7fac7913b000-7fac7913d000 rw-p 00000000 00:00 0 
7fac7913d000-7fac7913e000 r--p 00022000 08:01 4209870                    /lib/x86_64-linux-gnu/ld-2.19.so
7fac7913e000-7fac7913f000 rw-p 00023000 08:01 4209870                    /lib/x86_64-linux-gnu/ld-2.19.so
7fac7913f000-7fac79140000 rw-p 00000000 00:00 0 
7ffd891e2000-7ffd89204000 rw-p 00000000 00:00 0                          [stack]
7ffd8921a000-7ffd8921c000 r-xp 00000000 00:00 0                          [vdso]
ffffffffff600000-ffffffffff601000 r-xp 00000000 00:00 0                  [vsyscall]

VM Arguments:
jvm_args: -Xmx1024M -Dfile.encoding=UTF-8 -Duser.country=US -Duser.language=en -Duser.variant 
java_command: com.android.dx.command.Main --dex --num-threads=4 --output /var/www/android-project/MyTestApp/app/build/intermediates/pre-dexed/debug/classes-1470cbc069bfad5f3f1ced4ec4adcad716c806b0.jar /var/www/android-project/MyTestApp/app/build/intermediates/exploded-aar/com.android.support/support-v4/22.2.1/jars/classes.jar
Launcher Type: SUN_STANDARD

Environment Variables:
PATH=/home/kirthan/.node/bin:/usr/local/sbin:/usr/local/bin:/usr/sbin:/usr/bin:/sbin:/bin:/usr/games:/usr/local/games:/usr/local/rvm/bin
LD_LIBRARY_PATH=.:
SHELL=/bin/bash
DISPLAY=:0

Signal Handlers:
SIGSEGV: [libjvm.so+0x94bab0], sa_mask[0]=0x7ffbfeff, sa_flags=0x10000004
SIGBUS: [libjvm.so+0x94bab0], sa_mask[0]=0x7ffbfeff, sa_flags=0x10000004
SIGFPE: [libjvm.so+0x7c38b0], sa_mask[0]=0x7ffbfeff, sa_flags=0x10000004
SIGPIPE: [libjvm.so+0x7c38b0], sa_mask[0]=0x7ffbfeff, sa_flags=0x10000004
SIGXFSZ: [libjvm.so+0x7c38b0], sa_mask[0]=0x7ffbfeff, sa_flags=0x10000004
SIGILL: [libjvm.so+0x7c38b0], sa_mask[0]=0x7ffbfeff, sa_flags=0x10000004
SIGUSR1: SIG_DFL, sa_mask[0]=0x00000000, sa_flags=0x00000000
SIGUSR2: [libjvm.so+0x7c3750], sa_mask[0]=0x00000004, sa_flags=0x10000004
SIGHUP: [libjvm.so+0x7c3930], sa_mask[0]=0x7ffbfeff, sa_flags=0x10000004
SIGINT: [libjvm.so+0x7c3930], sa_mask[0]=0x7ffbfeff, sa_flags=0x10000004
SIGTERM: [libjvm.so+0x7c3930], sa_mask[0]=0x7ffbfeff, sa_flags=0x10000004
SIGQUIT: [libjvm.so+0x7c3930], sa_mask[0]=0x7ffbfeff, sa_flags=0x10000004
SIGTRAP: SIG_DFL, sa_mask[0]=0x00000000, sa_flags=0x00000000


---------------  S Y S T E M  ---------------

OS:Ubuntu 14.04 (trusty)
uname:Linux 3.13.0-62-generic #102-Ubuntu SMP Tue Aug 11 14:29:36 UTC 2015 x86_64
libc:glibc 2.19 NPTL 2.19 
rlimit: STACK 8192k, CORE 0k, NPROC 62901, NOFILE 10000, AS infinity
load average:55.45 18.19 6.53

/proc/meminfo:
MemTotal:        8082920 kB
MemFree:          122716 kB
Buffers:             100 kB
Cached:           762672 kB
SwapCached:            0 kB
Active:          6944124 kB
Inactive:         751920 kB
Active(anon):    6942216 kB
Inactive(anon):   747828 kB
Active(file):       1908 kB
Inactive(file):     4092 kB
Unevictable:        6240 kB
Mlocked:            6240 kB
SwapTotal:             0 kB
SwapFree:              0 kB
Dirty:                28 kB
Writeback:            16 kB
AnonPages:       6940696 kB
Mapped:           235680 kB
Shmem:            752088 kB
Slab:             107104 kB
SReclaimable:      64220 kB
SUnreclaim:        42884 kB
KernelStack:        7808 kB
PageTables:        58944 kB
NFS_Unstable:          0 kB
Bounce:                0 kB
WritebackTmp:          0 kB
CommitLimit:     4041460 kB
Committed_AS:   15029180 kB
VmallocTotal:   34359738367 kB
VmallocUsed:      362024 kB
VmallocChunk:   34359359048 kB
HardwareCorrupted:     0 kB
AnonHugePages:   2779136 kB
HugePages_Total:       0
HugePages_Free:        0
HugePages_Rsvd:        0
HugePages_Surp:        0
Hugepagesize:       2048 kB
DirectMap4k:       76636 kB
DirectMap2M:     8218624 kB


CPU:total 4 (4 cores per cpu, 1 threads per core) family 6 model 42 stepping 7, cmov, cx8, fxsr, mmx, sse, sse2, sse3, ssse3, sse4.1, sse4.2, popcnt, avx, aes, tsc, tscinvbit

/proc/cpuinfo:
processor	: 0
vendor_id	: GenuineIntel
cpu family	: 6
model		: 42
model name	: Intel(R) Core(TM) i5-2400 CPU @ 3.10GHz
stepping	: 7
microcode	: 0x14
cpu MHz		: 3101.000
cache size	: 6144 KB
physical id	: 0
siblings	: 4
core id		: 0
cpu cores	: 4
apicid		: 0
initial apicid	: 0
fpu		: yes
fpu_exception	: yes
cpuid level	: 13
wp		: yes
flags		: fpu vme de pse tsc msr pae mce cx8 apic sep mtrr pge mca cmov pat pse36 clflush dts acpi mmx fxsr sse sse2 ss ht tm pbe syscall nx rdtscp lm constant_tsc arch_perfmon pebs bts rep_good nopl xtopology nonstop_tsc aperfmperf eagerfpu pni pclmulqdq dtes64 monitor ds_cpl vmx smx est tm2 ssse3 cx16 xtpr pdcm pcid sse4_1 sse4_2 x2apic popcnt tsc_deadline_timer aes xsave avx lahf_lm ida arat epb xsaveopt pln pts dtherm tpr_shadow vnmi flexpriority ept vpid
bogomips	: 6186.12
clflush size	: 64
cache_alignment	: 64
address sizes	: 36 bits physical, 48 bits virtual
power management:

processor	: 1
vendor_id	: GenuineIntel
cpu family	: 6
model		: 42
model name	: Intel(R) Core(TM) i5-2400 CPU @ 3.10GHz
stepping	: 7
microcode	: 0x14
cpu MHz		: 3101.000
cache size	: 6144 KB
physical id	: 0
siblings	: 4
core id		: 1
cpu cores	: 4
apicid		: 2
initial apicid	: 2
fpu		: yes
fpu_exception	: yes
cpuid level	: 13
wp		: yes
flags		: fpu vme de pse tsc msr pae mce cx8 apic sep mtrr pge mca cmov pat pse36 clflush dts acpi mmx fxsr sse sse2 ss ht tm pbe syscall nx rdtscp lm constant_tsc arch_perfmon pebs bts rep_good nopl xtopology nonstop_tsc aperfmperf eagerfpu pni pclmulqdq dtes64 monitor ds_cpl vmx smx est tm2 ssse3 cx16 xtpr pdcm pcid sse4_1 sse4_2 x2apic popcnt tsc_deadline_timer aes xsave avx lahf_lm ida arat epb xsaveopt pln pts dtherm tpr_shadow vnmi flexpriority ept vpid
bogomips	: 6186.12
clflush size	: 64
cache_alignment	: 64
address sizes	: 36 bits physical, 48 bits virtual
power management:

processor	: 2
vendor_id	: GenuineIntel
cpu family	: 6
model		: 42
model name	: Intel(R) Core(TM) i5-2400 CPU @ 3.10GHz
stepping	: 7
microcode	: 0x14
cpu MHz		: 3101.000
cache size	: 6144 KB
physical id	: 0
siblings	: 4
core id		: 2
cpu cores	: 4
apicid		: 4
initial apicid	: 4
fpu		: yes
fpu_exception	: yes
cpuid level	: 13
wp		: yes
flags		: fpu vme de pse tsc msr pae mce cx8 apic sep mtrr pge mca cmov pat pse36 clflush dts acpi mmx fxsr sse sse2 ss ht tm pbe syscall nx rdtscp lm constant_tsc arch_perfmon pebs bts rep_good nopl xtopology nonstop_tsc aperfmperf eagerfpu pni pclmulqdq dtes64 monitor ds_cpl vmx smx est tm2 ssse3 cx16 xtpr pdcm pcid sse4_1 sse4_2 x2apic popcnt tsc_deadline_timer aes xsave avx lahf_lm ida arat epb xsaveopt pln pts dtherm tpr_shadow vnmi flexpriority ept vpid
bogomips	: 6186.12
clflush size	: 64
cache_alignment	: 64
address sizes	: 36 bits physical, 48 bits virtual
power management:

processor	: 3
vendor_id	: GenuineIntel
cpu family	: 6
model		: 42
model name	: Intel(R) Core(TM) i5-2400 CPU @ 3.10GHz
stepping	: 7
microcode	: 0x14
cpu MHz		: 3101.000
cache size	: 6144 KB
physical id	: 0
siblings	: 4
core id		: 3
cpu cores	: 4
apicid		: 6
initial apicid	: 6
fpu		: yes
fpu_exception	: yes
cpuid level	: 13
wp		: yes
flags		: fpu vme de pse tsc msr pae mce cx8 apic sep mtrr pge mca cmov pat pse36 clflush dts acpi mmx fxsr sse sse2 ss ht tm pbe syscall nx rdtscp lm constant_tsc arch_perfmon pebs bts rep_good nopl xtopology nonstop_tsc aperfmperf eagerfpu pni pclmulqdq dtes64 monitor ds_cpl vmx smx est tm2 ssse3 cx16 xtpr pdcm pcid sse4_1 sse4_2 x2apic popcnt tsc_deadline_timer aes xsave avx lahf_lm ida arat epb xsaveopt pln pts dtherm tpr_shadow vnmi flexpriority ept vpid
bogomips	: 6186.12
clflush size	: 64
cache_alignment	: 64
address sizes	: 36 bits physical, 48 bits virtual
power management:



Memory: 4k page, physical 8082920k(122128k free), swap 0k(0k free)

vm_info: OpenJDK 64-Bit Server VM (24.79-b02) for linux-amd64 JRE (1.7.0_79-b14), built on Jul 24 2015 08:15:54 by "buildd" with gcc 4.8.2

time: Mon Oct 12 20:57:29 2015
elapsed time: 94 seconds

