#
# There is insufficient memory for the Java Runtime Environment to continue.
# Native memory allocation (malloc) failed to allocate 165675008 bytes for committing reserved memory.
# Possible reasons:
#   The system is out of physical RAM or swap space
#   In 32 bit mode, the process size limit was hit
# Possible solutions:
#   Reduce memory load on the system
#   Increase physical memory or swap space
#   Check if swap backing store is full
#   Use 64 bit Java on a 64 bit OS
#   Decrease Java heap size (-Xmx/-Xms)
#   Decrease number of Java threads
#   Decrease Java thread stack sizes (-Xss)
#   Set larger code cache with -XX:ReservedCodeCacheSize=
# This output file may be truncated or incomplete.
#
#  Out of Memory Error (os_linux.cpp:2809), pid=8620, tid=140327727105792
#
# JRE version: OpenJDK Runtime Environment (7.0_79-b14) (build 1.7.0_79-b14)
# Java VM: OpenJDK 64-Bit Server VM (24.79-b02 mixed mode linux-amd64 compressed oops)
# Derivative: IcedTea 2.5.6
# Distribution: Ubuntu 14.04 LTS, package 7u79-2.5.6-0ubuntu1.14.04.1
# Failed to write core dump. Core dumps have been disabled. To enable core dumping, try "ulimit -c unlimited" before starting Java again
#

---------------  T H R E A D  ---------------

Current thread (0x00007fa0a0075800):  VMThread [stack: 0x00007fa098438000,0x00007fa098539000] [id=8675]

Stack: [0x00007fa098438000,0x00007fa098539000],  sp=0x00007fa098537490,  free space=1021k
Native frames: (J=compiled Java code, j=interpreted, Vv=VM code, C=native code)
V  [libjvm.so+0x94afd5]  VMError::report_and_die()+0x175
V  [libjvm.so+0x48b9f4]  report_vm_out_of_memory(char const*, int, unsigned long, char const*)+0x74
V  [libjvm.so+0x7c809b]  os::pd_commit_memory(char*, unsigned long, unsigned long, bool)+0xeb
V  [libjvm.so+0x7c2b3f]  os::commit_memory(char*, unsigned long, unsigned long, bool)+0x1f
V  [libjvm.so+0x83503b]  PSVirtualSpace::expand_by(unsigned long)+0x5b
V  [libjvm.so+0x835e90]  PSYoungGen::resize_generation(unsigned long, unsigned long)+0xb0
V  [libjvm.so+0x83657b]  PSYoungGen::resize(unsigned long, unsigned long)+0x1b
V  [libjvm.so+0x832860]  PSScavenge::invoke_no_policy()+0xde0
V  [libjvm.so+0x833038]  PSScavenge::invoke()+0x38
V  [libjvm.so+0x7e9723]  ParallelScavengeHeap::failed_mem_allocate(unsigned long)+0x63
V  [libjvm.so+0x94c9d4]  VM_ParallelGCFailedAllocation::doit()+0x84
V  [libjvm.so+0x950ed7]  VM_Operation::evaluate()+0x47
V  [libjvm.so+0x94f848]  VMThread::evaluate_operation(VM_Operation*)+0x318
V  [libjvm.so+0x94fca9]  VMThread::loop()+0x219
V  [libjvm.so+0x9500f2]  VMThread::run()+0x72
V  [libjvm.so+0x7c4f62]  java_start(Thread*)+0xf2

VM_Operation (0x00007fa0a6c37240): ParallelGCFailedAllocation, mode: safepoint, requested by thread 0x00007fa0a000a800


---------------  P R O C E S S  ---------------

Java Threads: ( => current thread )
  0x00007fa0a00ae800 JavaThread "Service Thread" daemon [_thread_blocked, id=8689, stack(0x00007fa07b7d9000,0x00007fa07b8da000)]
  0x00007fa0a00ac000 JavaThread "C2 CompilerThread1" daemon [_thread_blocked, id=8686, stack(0x00007fa073eff000,0x00007fa074000000)]
  0x00007fa0a00a9000 JavaThread "C2 CompilerThread0" daemon [_thread_blocked, id=8681, stack(0x00007fa098034000,0x00007fa098135000)]
  0x00007fa0a00a7000 JavaThread "Signal Dispatcher" daemon [_thread_blocked, id=8678, stack(0x00007fa098135000,0x00007fa098236000)]
  0x00007fa0a007c000 JavaThread "Finalizer" daemon [_thread_blocked, id=8677, stack(0x00007fa098236000,0x00007fa098337000)]
  0x00007fa0a007a000 JavaThread "Reference Handler" daemon [_thread_blocked, id=8676, stack(0x00007fa098337000,0x00007fa098438000)]
  0x00007fa0a000a800 JavaThread "main" [_thread_blocked, id=8647, stack(0x00007fa0a6b38000,0x00007fa0a6c39000)]

Other Threads:
=>0x00007fa0a0075800 VMThread [stack: 0x00007fa098438000,0x00007fa098539000] [id=8675]
  0x00007fa0a00b9000 WatcherThread [stack: 0x00007fa07b6d8000,0x00007fa07b7d9000] [id=8694]

VM state:at safepoint (normal execution)

VM Mutex/Monitor currently owned by a thread:  ([mutex/lock_event])
[0x00007fa0a0006910] Threads_lock - owner thread: 0x00007fa0a0075800
[0x00007fa0a0006e10] Heap_lock - owner thread: 0x00007fa0a000a800

Heap
 PSYoungGen      total 134144K, used 5100K [0x00000000eaa80000, 0x00000000f3280000, 0x0000000100000000)
  eden space 129024K, 0% used [0x00000000eaa80000,0x00000000eaa80000,0x00000000f2880000)
  from space 5120K, 99% used [0x00000000f2880000,0x00000000f2d7b198,0x00000000f2d80000)
  to   space 5120K, 0% used [0x00000000f2d80000,0x00000000f2d80000,0x00000000f3280000)
 ParOldGen       total 83968K, used 37973K [0x00000000c0000000, 0x00000000c5200000, 0x00000000eaa80000)
  object space 83968K, 45% used [0x00000000c0000000,0x00000000c2515748,0x00000000c5200000)
 PSPermGen       total 21504K, used 6411K [0x00000000b5a00000, 0x00000000b6f00000, 0x00000000c0000000)
  object space 21504K, 29% used [0x00000000b5a00000,0x00000000b6042f98,0x00000000b6f00000)

Card table byte_map: [0x00007fa09c367000,0x00007fa09c5bb000] byte_map_base: 0x00007fa09bdba000

Polling page: 0x00007fa0a6c5d000

Code Cache  [0x00007fa09c5bb000, 0x00007fa09c90b000, 0x00007fa09f5bb000)
 total_blobs=1086 nmethods=855 adapters=184 free_code_cache=45850Kb largest_free_block=46890304

Compilation events (10 events):
Event: 121.203 Thread 0x00007fa0a00a9000  859             com.android.dx.rop.code.RegisterSpecList::withExpandedRegisters (56 bytes)
Event: 121.209 Thread 0x00007fa0a00a9000 nmethod 859 0x00007fa09c8e4a90 code [0x00007fa09c8e4c40, 0x00007fa09c8e51d8]
Event: 121.214 Thread 0x00007fa0a00a9000  860             java.util.BitSet::set (18 bytes)
Event: 121.215 Thread 0x00007fa0a00ac000 nmethod 855 0x00007fa09c8ff550 code [0x00007fa09c8ff8e0, 0x00007fa09c9011a0]
Event: 121.215 Thread 0x00007fa0a00ac000  861             com.android.dx.rop.code.RegisterSpec::equalsUsingSimpleType (27 bytes)
Event: 121.218 Thread 0x00007fa0a00a9000 nmethod 860 0x00007fa09c8f33d0 code [0x00007fa09c8f3540, 0x00007fa09c8f3788]
Event: 121.218 Thread 0x00007fa0a00a9000  862             com.android.dx.dex.code.SimpleInsn::<init> (8 bytes)
Event: 121.218 Thread 0x00007fa0a00ac000 nmethod 861 0x00007fa09c8ee750 code [0x00007fa09c8ee8c0, 0x00007fa09c8eedb8]
Event: 121.218 Thread 0x00007fa0a00a9000 nmethod 862 0x00007fa09c8f4550 code [0x00007fa09c8f46a0, 0x00007fa09c8f4798]
Event: 121.218 Thread 0x00007fa0a00ac000  863 %           com.android.dx.dex.code.OutputFinisher::performExpansion @ 31 (273 bytes)

GC Heap History (9 events):
Event: 2.162 GC heap before
{Heap before GC invocations=1 (full 0):
 PSYoungGen      total 37376K, used 32256K [0x00000000eaa80000, 0x00000000ed400000, 0x0000000100000000)
  eden space 32256K, 100% used [0x00000000eaa80000,0x00000000eca00000,0x00000000eca00000)
  from space 5120K, 0% used [0x00000000ecf00000,0x00000000ecf00000,0x00000000ed400000)
  to   space 5120K, 0% used [0x00000000eca00000,0x00000000eca00000,0x00000000ecf00000)
 ParOldGen       total 83968K, used 0K [0x00000000c0000000, 0x00000000c5200000, 0x00000000eaa80000)
  object space 83968K, 0% used [0x00000000c0000000,0x00000000c0000000,0x00000000c5200000)
 PSPermGen       total 21504K, used 5977K [0x00000000b5a00000, 0x00000000b6f00000, 0x00000000c0000000)
  object space 21504K, 27% used [0x00000000b5a00000,0x00000000b5fd6668,0x00000000b6f00000)
Event: 2.257 GC heap after
Heap after GC invocations=1 (full 0):
 PSYoungGen      total 37376K, used 5095K [0x00000000eaa80000, 0x00000000ef380000, 0x0000000100000000)
  eden space 32256K, 0% used [0x00000000eaa80000,0x00000000eaa80000,0x00000000eca00000)
  from space 5120K, 99% used [0x00000000eca00000,0x00000000ecef9c98,0x00000000ecf00000)
  to   space 5120K, 0% used [0x00000000eee80000,0x00000000eee80000,0x00000000ef380000)
 ParOldGen       total 83968K, used 1497K [0x00000000c0000000, 0x00000000c5200000, 0x00000000eaa80000)
  object space 83968K, 1% used [0x00000000c0000000,0x00000000c0176468,0x00000000c5200000)
 PSPermGen       total 21504K, used 5977K [0x00000000b5a00000, 0x00000000b6f00000, 0x00000000c0000000)
  object space 21504K, 27% used [0x00000000b5a00000,0x00000000b5fd6668,0x00000000b6f00000)
}
Event: 3.175 GC heap before
{Heap before GC invocations=2 (full 0):
 PSYoungGen      total 37376K, used 37351K [0x00000000eaa80000, 0x00000000ef380000, 0x0000000100000000)
  eden space 32256K, 100% used [0x00000000eaa80000,0x00000000eca00000,0x00000000eca00000)
  from space 5120K, 99% used [0x00000000eca00000,0x00000000ecef9c98,0x00000000ecf00000)
  to   space 5120K, 0% used [0x00000000eee80000,0x00000000eee80000,0x00000000ef380000)
 ParOldGen       total 83968K, used 1497K [0x00000000c0000000, 0x00000000c5200000, 0x00000000eaa80000)
  object space 83968K, 1% used [0x00000000c0000000,0x00000000c0176468,0x00000000c5200000)
 PSPermGen       total 21504K, used 6060K [0x00000000b5a00000, 0x00000000b6f00000, 0x00000000c0000000)
  object space 21504K, 28% used [0x00000000b5a00000,0x00000000b5feb128,0x00000000b6f00000)
Event: 3.198 GC heap after
Heap after GC invocations=2 (full 0):
 PSYoungGen      total 69632K, used 5089K [0x00000000eaa80000, 0x00000000ef380000, 0x0000000100000000)
  eden space 64512K, 0% used [0x00000000eaa80000,0x00000000eaa80000,0x00000000ee980000)
  from space 5120K, 99% used [0x00000000eee80000,0x00000000ef378780,0x00000000ef380000)
  to   space 5120K, 0% used [0x00000000ee980000,0x00000000ee980000,0x00000000eee80000)
 ParOldGen       total 83968K, used 6476K [0x00000000c0000000, 0x00000000c5200000, 0x00000000eaa80000)
  object space 83968K, 7% used [0x00000000c0000000,0x00000000c06531b8,0x00000000c5200000)
 PSPermGen       total 21504K, used 6060K [0x00000000b5a00000, 0x00000000b6f00000, 0x00000000c0000000)
  object space 21504K, 28% used [0x00000000b5a00000,0x00000000b5feb128,0x00000000b6f00000)
}
Event: 6.186 GC heap before
{Heap before GC invocations=3 (full 0):
 PSYoungGen      total 69632K, used 69601K [0x00000000eaa80000, 0x00000000ef380000, 0x0000000100000000)
  eden space 64512K, 100% used [0x00000000eaa80000,0x00000000ee980000,0x00000000ee980000)
  from space 5120K, 99% used [0x00000000eee80000,0x00000000ef378780,0x00000000ef380000)
  to   space 5120K, 0% used [0x00000000ee980000,0x00000000ee980000,0x00000000eee80000)
 ParOldGen       total 83968K, used 6476K [0x00000000c0000000, 0x00000000c5200000, 0x00000000eaa80000)
  object space 83968K, 7% used [0x00000000c0000000,0x00000000c06531b8,0x00000000c5200000)
 PSPermGen       total 21504K, used 6115K [0x00000000b5a00000, 0x00000000b6f00000, 0x00000000c0000000)
  object space 21504K, 28% used [0x00000000b5a00000,0x00000000b5ff8ed8,0x00000000b6f00000)
Event: 6.259 GC heap after
Heap after GC invocations=3 (full 0):
 PSYoungGen      total 69632K, used 5094K [0x00000000eaa80000, 0x00000000f3280000, 0x0000000100000000)
  eden space 64512K, 0% used [0x00000000eaa80000,0x00000000eaa80000,0x00000000ee980000)
  from space 5120K, 99% used [0x00000000ee980000,0x00000000eee799b8,0x00000000eee80000)
  to   space 5120K, 0% used [0x00000000f2d80000,0x00000000f2d80000,0x00000000f3280000)
 ParOldGen       total 83968K, used 15499K [0x00000000c0000000, 0x00000000c5200000, 0x00000000eaa80000)
  object space 83968K, 18% used [0x00000000c0000000,0x00000000c0f22fd8,0x00000000c5200000)
 PSPermGen       total 21504K, used 6115K [0x00000000b5a00000, 0x00000000b6f00000, 0x00000000c0000000)
  object space 21504K, 28% used [0x00000000b5a00000,0x00000000b5ff8ed8,0x00000000b6f00000)
}
Event: 8.101 GC heap before
{Heap before GC invocations=4 (full 0):
 PSYoungGen      total 69632K, used 69606K [0x00000000eaa80000, 0x00000000f3280000, 0x0000000100000000)
  eden space 64512K, 100% used [0x00000000eaa80000,0x00000000ee980000,0x00000000ee980000)
  from space 5120K, 99% used [0x00000000ee980000,0x00000000eee799b8,0x00000000eee80000)
  to   space 5120K, 0% used [0x00000000f2d80000,0x00000000f2d80000,0x00000000f3280000)
 ParOldGen       total 83968K, used 15499K [0x00000000c0000000, 0x00000000c5200000, 0x00000000eaa80000)
  object space 83968K, 18% used [0x00000000c0000000,0x00000000c0f22fd8,0x00000000c5200000)
 PSPermGen       total 21504K, used 6152K [0x00000000b5a00000, 0x00000000b6f00000, 0x00000000c0000000)
  object space 21504K, 28% used [0x00000000b5a00000,0x00000000b6002378,0x00000000b6f00000)
Event: 8.759 GC heap after
Heap after GC invocations=4 (full 0):
 PSYoungGen      total 134144K, used 5112K [0x00000000eaa80000, 0x00000000f3280000, 0x0000000100000000)
  eden space 129024K, 0% used [0x00000000eaa80000,0x00000000eaa80000,0x00000000f2880000)
  from space 5120K, 99% used [0x00000000f2d80000,0x00000000f327e198,0x00000000f3280000)
  to   space 5120K, 0% used [0x00000000f2880000,0x00000000f2880000,0x00000000f2d80000)
 ParOldGen       total 83968K, used 25475K [0x00000000c0000000, 0x00000000c5200000, 0x00000000eaa80000)
  object space 83968K, 30% used [0x00000000c0000000,0x00000000c18e0d10,0x00000000c5200000)
 PSPermGen       total 21504K, used 6152K [0x00000000b5a00000, 0x00000000b6f00000, 0x00000000c0000000)
  object space 21504K, 28% used [0x00000000b5a00000,0x00000000b6002378,0x00000000b6f00000)
}
Event: 121.233 GC heap before
{Heap before GC invocations=5 (full 0):
 PSYoungGen      total 134144K, used 134136K [0x00000000eaa80000, 0x00000000f3280000, 0x0000000100000000)
  eden space 129024K, 100% used [0x00000000eaa80000,0x00000000f2880000,0x00000000f2880000)
  from space 5120K, 99% used [0x00000000f2d80000,0x00000000f327e198,0x00000000f3280000)
  to   space 5120K, 0% used [0x00000000f2880000,0x00000000f2880000,0x00000000f2d80000)
 ParOldGen       total 83968K, used 25475K [0x00000000c0000000, 0x00000000c5200000, 0x00000000eaa80000)
  object space 83968K, 30% used [0x00000000c0000000,0x00000000c18e0d10,0x00000000c5200000)
 PSPermGen       total 21504K, used 6411K [0x00000000b5a00000, 0x00000000b6f00000, 0x00000000c0000000)
  object space 21504K, 29% used [0x00000000b5a00000,0x00000000b6042f98,0x00000000b6f00000)

Deoptimization events (10 events):
Event: 121.008 Thread 0x00007fa0a000a800 Uncommon trap: reason=class_check action=maybe_recompile pc=0x00007fa09c630d00 method=java.util.Arrays.equals([Ljava/lang/Object;[Ljava/lang/Object;)Z @ 62
Event: 121.008 Thread 0x00007fa0a000a800 Uncommon trap: reason=class_check action=maybe_recompile pc=0x00007fa09c653b84 method=com.android.dx.util.FixedSizeList.equals(Ljava/lang/Object;)Z @ 25
Event: 121.008 Thread 0x00007fa0a000a800 Uncommon trap: reason=class_check action=maybe_recompile pc=0x00007fa09c630d00 method=java.util.Arrays.equals([Ljava/lang/Object;[Ljava/lang/Object;)Z @ 62
Event: 121.008 Thread 0x00007fa0a000a800 Uncommon trap: reason=class_check action=maybe_recompile pc=0x00007fa09c630d00 method=java.util.Arrays.equals([Ljava/lang/Object;[Ljava/lang/Object;)Z @ 62
Event: 121.038 Thread 0x00007fa0a000a800 Uncommon trap: reason=predicate action=maybe_recompile pc=0x00007fa09c8a9a7c method=java.util.ComparableTimSort.binarySort([Ljava/lang/Object;III)V @ 37
Event: 121.074 Thread 0x00007fa0a000a800 Uncommon trap: reason=null_check action=make_not_entrant pc=0x00007fa09c8e70cc method=com.android.dx.dex.code.LocalList$MakeState.finish()Lcom/android/dx/dex/code/LocalList; @ 81
Event: 121.184 Thread 0x00007fa0a000a800 Uncommon trap: reason=array_check action=maybe_recompile pc=0x00007fa09c8ed188 method=java.util.ComparableTimSort.binarySort([Ljava/lang/Object;III)V @ 183
Event: 121.191 Thread 0x00007fa0a000a800 Uncommon trap: reason=array_check action=maybe_recompile pc=0x00007fa09c8ed0cc method=java.util.ComparableTimSort.binarySort([Ljava/lang/Object;III)V @ 193
Event: 121.203 Thread 0x00007fa0a000a800 Uncommon trap: reason=array_check action=maybe_recompile pc=0x00007fa09c8ed0cc method=java.util.ComparableTimSort.binarySort([Ljava/lang/Object;III)V @ 193
Event: 121.203 Thread 0x00007fa0a000a800 Uncommon trap: reason=array_check action=maybe_recompile pc=0x00007fa09c8ed0cc method=java.util.ComparableTimSort.binarySort([Ljava/lang/Object;III)V @ 193

Internal exceptions (10 events):
Event: 120.986 Thread 0x00007fa0a000a800 Threw 0x00000000f20888f0 at /build/openjdk-7-FO0dNI/openjdk-7-7u79-2.5.6/build/openjdk/hotspot/src/share/vm/prims/jvm.cpp:1284
Event: 120.986 Thread 0x00007fa0a000a800 Threw 0x00000000f208f5e0 at /build/openjdk-7-FO0dNI/openjdk-7-7u79-2.5.6/build/openjdk/hotspot/src/share/vm/prims/jvm.cpp:1284
Event: 120.987 Thread 0x00007fa0a000a800 Threw 0x00000000f2092b68 at /build/openjdk-7-FO0dNI/openjdk-7-7u79-2.5.6/build/openjdk/hotspot/src/share/vm/prims/jvm.cpp:1284
Event: 120.987 Thread 0x00007fa0a000a800 Threw 0x00000000f2098028 at /build/openjdk-7-FO0dNI/openjdk-7-7u79-2.5.6/build/openjdk/hotspot/src/share/vm/prims/jvm.cpp:1284
Event: 120.987 Thread 0x00007fa0a000a800 Threw 0x00000000f209cc28 at /build/openjdk-7-FO0dNI/openjdk-7-7u79-2.5.6/build/openjdk/hotspot/src/share/vm/prims/jvm.cpp:1284
Event: 120.992 Thread 0x00007fa0a000a800 Threw 0x00000000f20adb48 at /build/openjdk-7-FO0dNI/openjdk-7-7u79-2.5.6/build/openjdk/hotspot/src/share/vm/prims/jvm.cpp:1284
Event: 120.992 Thread 0x00007fa0a000a800 Threw 0x00000000f20b1188 at /build/openjdk-7-FO0dNI/openjdk-7-7u79-2.5.6/build/openjdk/hotspot/src/share/vm/prims/jvm.cpp:1284
Event: 120.992 Thread 0x00007fa0a000a800 Threw 0x00000000f20b4a38 at /build/openjdk-7-FO0dNI/openjdk-7-7u79-2.5.6/build/openjdk/hotspot/src/share/vm/prims/jvm.cpp:1284
Event: 120.996 Thread 0x00007fa0a000a800 Threw 0x00000000f20c63f0 at /build/openjdk-7-FO0dNI/openjdk-7-7u79-2.5.6/build/openjdk/hotspot/src/share/vm/prims/jvm.cpp:1284
Event: 121.074 Thread 0x00007fa0a000a800 Implicit null exception at 0x00007fa09c8e64d8 to 0x00007fa09c8e70c1

Events (10 events):
Event: 121.191 Thread 0x00007fa0a000a800 Uncommon trap: trap_request=0xffffffd6 fr.pc=0x00007fa09c8ed0cc
Event: 121.191 Thread 0x00007fa0a000a800 DEOPT PACKING pc=0x00007fa09c8ed0cc sp=0x00007fa0a6c37310
Event: 121.191 Thread 0x00007fa0a000a800 DEOPT UNPACKING pc=0x00007fa09c5f4445 sp=0x00007fa0a6c372d8 mode 2
Event: 121.203 Thread 0x00007fa0a000a800 Uncommon trap: trap_request=0xffffffd6 fr.pc=0x00007fa09c8ed0cc
Event: 121.203 Thread 0x00007fa0a000a800 DEOPT PACKING pc=0x00007fa09c8ed0cc sp=0x00007fa0a6c37310
Event: 121.203 Thread 0x00007fa0a000a800 DEOPT UNPACKING pc=0x00007fa09c5f4445 sp=0x00007fa0a6c372d8 mode 2
Event: 121.203 Thread 0x00007fa0a000a800 Uncommon trap: trap_request=0xffffffd6 fr.pc=0x00007fa09c8ed0cc
Event: 121.203 Thread 0x00007fa0a000a800 DEOPT PACKING pc=0x00007fa09c8ed0cc sp=0x00007fa0a6c37310
Event: 121.203 Thread 0x00007fa0a000a800 DEOPT UNPACKING pc=0x00007fa09c5f4445 sp=0x00007fa0a6c372d8 mode 2
Event: 121.232 Executing VM operation: ParallelGCFailedAllocation


Dynamic libraries:
00400000-00401000 r-xp 00000000 08:01 5140532                            /usr/lib/jvm/java-7-openjdk-amd64/jre/bin/java
00600000-00601000 r--p 00000000 08:01 5140532                            /usr/lib/jvm/java-7-openjdk-amd64/jre/bin/java
00601000-00602000 rw-p 00001000 08:01 5140532                            /usr/lib/jvm/java-7-openjdk-amd64/jre/bin/java
00a6f000-00a90000 rw-p 00000000 00:00 0                                  [heap]
b5a00000-b6f00000 rw-p 00000000 00:00 0 
b6f00000-c0000000 rw-p 00000000 00:00 0 
c0000000-c5200000 rw-p 00000000 00:00 0 
c5200000-eaa80000 rw-p 00000000 00:00 0 
eaa80000-f3280000 rw-p 00000000 00:00 0 
fd080000-100000000 rw-p 00000000 00:00 0 
7fa04c000000-7fa04c029000 rw-p 00000000 00:00 0 
7fa04c029000-7fa050000000 ---p 00000000 00:00 0 
7fa050000000-7fa050021000 rw-p 00000000 00:00 0 
7fa050021000-7fa054000000 ---p 00000000 00:00 0 
7fa054000000-7fa054021000 rw-p 00000000 00:00 0 
7fa054021000-7fa058000000 ---p 00000000 00:00 0 
7fa058000000-7fa058021000 rw-p 00000000 00:00 0 
7fa058021000-7fa05c000000 ---p 00000000 00:00 0 
7fa05c000000-7fa05c021000 rw-p 00000000 00:00 0 
7fa05c021000-7fa060000000 ---p 00000000 00:00 0 
7fa060000000-7fa06002d000 rw-p 00000000 00:00 0 
7fa06002d000-7fa064000000 ---p 00000000 00:00 0 
7fa064000000-7fa065439000 rw-p 00000000 00:00 0 
7fa065439000-7fa068000000 ---p 00000000 00:00 0 
7fa068000000-7fa068021000 rw-p 00000000 00:00 0 
7fa068021000-7fa06c000000 ---p 00000000 00:00 0 
7fa06c000000-7fa06d3b0000 rw-p 00000000 00:00 0 
7fa06d3b0000-7fa070000000 ---p 00000000 00:00 0 
7fa073eff000-7fa073f02000 ---p 00000000 00:00 0 
7fa073f02000-7fa074000000 rw-p 00000000 00:00 0                          [stack:8686]
7fa074000000-7fa074021000 rw-p 00000000 00:00 0 
7fa074021000-7fa078000000 ---p 00000000 00:00 0 
7fa0799df000-7fa0799e2000 ---p 00000000 00:00 0 
7fa0799e2000-7fa079ae0000 rw-p 00000000 00:00 0 
7fa079ae0000-7fa079ae3000 ---p 00000000 00:00 0 
7fa079ae3000-7fa079be1000 rw-p 00000000 00:00 0 
7fa079be1000-7fa079be4000 ---p 00000000 00:00 0 
7fa079be4000-7fa079ce2000 rw-p 00000000 00:00 0 
7fa079ce2000-7fa079ce5000 ---p 00000000 00:00 0 
7fa079ce5000-7fa079de3000 rw-p 00000000 00:00 0 
7fa079de3000-7fa079de6000 ---p 00000000 00:00 0 
7fa079de6000-7fa079f5a000 rw-p 00000000 00:00 0 
7fa079f5a000-7fa079f97000 r-xp 00000000 08:01 4196576                    /lib/x86_64-linux-gnu/libpcre.so.3.13.1
7fa079f97000-7fa07a196000 ---p 0003d000 08:01 4196576                    /lib/x86_64-linux-gnu/libpcre.so.3.13.1
7fa07a196000-7fa07a197000 r--p 0003c000 08:01 4196576                    /lib/x86_64-linux-gnu/libpcre.so.3.13.1
7fa07a197000-7fa07a198000 rw-p 0003d000 08:01 4196576                    /lib/x86_64-linux-gnu/libpcre.so.3.13.1
7fa07a198000-7fa07a19f000 r-xp 00000000 08:01 5120515                    /usr/lib/x86_64-linux-gnu/libffi.so.6.0.1
7fa07a19f000-7fa07a39e000 ---p 00007000 08:01 5120515                    /usr/lib/x86_64-linux-gnu/libffi.so.6.0.1
7fa07a39e000-7fa07a39f000 r--p 00006000 08:01 5120515                    /usr/lib/x86_64-linux-gnu/libffi.so.6.0.1
7fa07a39f000-7fa07a3a0000 rw-p 00007000 08:01 5120515                    /usr/lib/x86_64-linux-gnu/libffi.so.6.0.1
7fa07a3a0000-7fa07a3b7000 r-xp 00000000 08:01 4194309                    /lib/x86_64-linux-gnu/libresolv-2.19.so
7fa07a3b7000-7fa07a5b7000 ---p 00017000 08:01 4194309                    /lib/x86_64-linux-gnu/libresolv-2.19.so
7fa07a5b7000-7fa07a5b8000 r--p 00017000 08:01 4194309                    /lib/x86_64-linux-gnu/libresolv-2.19.so
7fa07a5b8000-7fa07a5b9000 rw-p 00018000 08:01 4194309                    /lib/x86_64-linux-gnu/libresolv-2.19.so
7fa07a5b9000-7fa07a5bb000 rw-p 00000000 00:00 0 
7fa07a5bb000-7fa07a5db000 r-xp 00000000 08:01 4194333                    /lib/x86_64-linux-gnu/libselinux.so.1
7fa07a5db000-7fa07a7da000 ---p 00020000 08:01 4194333                    /lib/x86_64-linux-gnu/libselinux.so.1
7fa07a7da000-7fa07a7db000 r--p 0001f000 08:01 4194333                    /lib/x86_64-linux-gnu/libselinux.so.1
7fa07a7db000-7fa07a7dc000 rw-p 00020000 08:01 4194333                    /lib/x86_64-linux-gnu/libselinux.so.1
7fa07a7dc000-7fa07a7de000 rw-p 00000000 00:00 0 
7fa07a7de000-7fa07a7e1000 r-xp 00000000 08:01 5112172                    /usr/lib/x86_64-linux-gnu/libgmodule-2.0.so.0.4002.0
7fa07a7e1000-7fa07a9e0000 ---p 00003000 08:01 5112172                    /usr/lib/x86_64-linux-gnu/libgmodule-2.0.so.0.4002.0
7fa07a9e0000-7fa07a9e1000 r--p 00002000 08:01 5112172                    /usr/lib/x86_64-linux-gnu/libgmodule-2.0.so.0.4002.0
7fa07a9e1000-7fa07a9e2000 rw-p 00003000 08:01 5112172                    /usr/lib/x86_64-linux-gnu/libgmodule-2.0.so.0.4002.0
7fa07a9e2000-7fa07aae8000 r-xp 00000000 08:01 4195504                    /lib/x86_64-linux-gnu/libglib-2.0.so.0.4002.0
7fa07aae8000-7fa07ace7000 ---p 00106000 08:01 4195504                    /lib/x86_64-linux-gnu/libglib-2.0.so.0.4002.0
7fa07ace7000-7fa07ace8000 r--p 00105000 08:01 4195504                    /lib/x86_64-linux-gnu/libglib-2.0.so.0.4002.0
7fa07ace8000-7fa07ace9000 rw-p 00106000 08:01 4195504                    /lib/x86_64-linux-gnu/libglib-2.0.so.0.4002.0
7fa07ace9000-7fa07acea000 rw-p 00000000 00:00 0 
7fa07acea000-7fa07ad39000 r-xp 00000000 08:01 5112190                    /usr/lib/x86_64-linux-gnu/libgobject-2.0.so.0.4002.0
7fa07ad39000-7fa07af39000 ---p 0004f000 08:01 5112190                    /usr/lib/x86_64-linux-gnu/libgobject-2.0.so.0.4002.0
7fa07af39000-7fa07af3a000 r--p 0004f000 08:01 5112190                    /usr/lib/x86_64-linux-gnu/libgobject-2.0.so.0.4002.0
7fa07af3a000-7fa07af3b000 rw-p 00050000 08:01 5112190                    /usr/lib/x86_64-linux-gnu/libgobject-2.0.so.0.4002.0
7fa07af3b000-7fa07b0a7000 r-xp 00000000 08:01 5112194                    /usr/lib/x86_64-linux-gnu/libgio-2.0.so.0.4002.0
7fa07b0a7000-7fa07b2a6000 ---p 0016c000 08:01 5112194                    /usr/lib/x86_64-linux-gnu/libgio-2.0.so.0.4002.0
7fa07b2a6000-7fa07b2aa000 r--p 0016b000 08:01 5112194                    /usr/lib/x86_64-linux-gnu/libgio-2.0.so.0.4002.0
7fa07b2aa000-7fa07b2ac000 rw-p 0016f000 08:01 5112194                    /usr/lib/x86_64-linux-gnu/libgio-2.0.so.0.4002.0
7fa07b2ac000-7fa07b2ae000 rw-p 00000000 00:00 0 
7fa07b2ae000-7fa07b2c5000 r-xp 00000000 08:01 5140489                    /usr/lib/jvm/java-7-openjdk-amd64/jre/lib/amd64/libnet.so
7fa07b2c5000-7fa07b4c4000 ---p 00017000 08:01 5140489                    /usr/lib/jvm/java-7-openjdk-amd64/jre/lib/amd64/libnet.so
7fa07b4c4000-7fa07b4c5000 r--p 00016000 08:01 5140489                    /usr/lib/jvm/java-7-openjdk-amd64/jre/lib/amd64/libnet.so
7fa07b4c5000-7fa07b4c6000 rw-p 00017000 08:01 5140489                    /usr/lib/jvm/java-7-openjdk-amd64/jre/lib/amd64/libnet.so
7fa07b4c6000-7fa07b4d6000 r-xp 00000000 08:01 5140494                    /usr/lib/jvm/java-7-openjdk-amd64/jre/lib/amd64/libnio.so
7fa07b4d6000-7fa07b6d6000 ---p 00010000 08:01 5140494                    /usr/lib/jvm/java-7-openjdk-amd64/jre/lib/amd64/libnio.so
7fa07b6d6000-7fa07b6d7000 r--p 00010000 08:01 5140494                    /usr/lib/jvm/java-7-openjdk-amd64/jre/lib/amd64/libnio.so
7fa07b6d7000-7fa07b6d8000 rw-p 00011000 08:01 5140494                    /usr/lib/jvm/java-7-openjdk-amd64/jre/lib/amd64/libnio.so
7fa07b6d8000-7fa07b6d9000 ---p 00000000 00:00 0 
7fa07b6d9000-7fa07b7d9000 rw-p 00000000 00:00 0                          [stack:8694]
7fa07b7d9000-7fa07b7dc000 ---p 00000000 00:00 0 
7fa07b7dc000-7fa07b8da000 rw-p 00000000 00:00 0                          [stack:8689]
7fa07b8da000-7fa07c000000 r--p 00000000 08:01 5119151                    /usr/lib/locale/locale-archive
7fa07c000000-7fa07c021000 rw-p 00000000 00:00 0 
7fa07c021000-7fa080000000 ---p 00000000 00:00 0 
7fa080000000-7fa080021000 rw-p 00000000 00:00 0 
7fa080021000-7fa084000000 ---p 00000000 00:00 0 
7fa084000000-7fa084021000 rw-p 00000000 00:00 0 
7fa084021000-7fa088000000 ---p 00000000 00:00 0 
7fa088000000-7fa088241000 rw-p 00000000 00:00 0 
7fa088241000-7fa08c000000 ---p 00000000 00:00 0 
7fa08c000000-7fa08c021000 rw-p 00000000 00:00 0 
7fa08c021000-7fa090000000 ---p 00000000 00:00 0 
7fa090000000-7fa090021000 rw-p 00000000 00:00 0 
7fa090021000-7fa094000000 ---p 00000000 00:00 0 
7fa094000000-7fa094021000 rw-p 00000000 00:00 0 
7fa094021000-7fa098000000 ---p 00000000 00:00 0 
7fa098034000-7fa098037000 ---p 00000000 00:00 0 
7fa098037000-7fa098135000 rw-p 00000000 00:00 0                          [stack:8681]
7fa098135000-7fa098138000 ---p 00000000 00:00 0 
7fa098138000-7fa098236000 rw-p 00000000 00:00 0                          [stack:8678]
7fa098236000-7fa098239000 ---p 00000000 00:00 0 
7fa098239000-7fa098337000 rw-p 00000000 00:00 0                          [stack:8677]
7fa098337000-7fa09833a000 ---p 00000000 00:00 0 
7fa09833a000-7fa098438000 rw-p 00000000 00:00 0                          [stack:8676]
7fa098438000-7fa098439000 ---p 00000000 00:00 0 
7fa098439000-7fa099536000 rw-p 00000000 00:00 0                          [stack:8675]
7fa099536000-7fa0996e7000 r--s 01d29000 08:01 5118262                    /usr/lib/jvm/java-7-openjdk-amd64/jre/lib/rt.jar
7fa0996e7000-7fa09bf63000 rw-p 00000000 00:00 0 
7fa09bf63000-7fa09bf64000 ---p 00000000 00:00 0 
7fa09bf64000-7fa09c064000 rw-p 00000000 00:00 0                          [stack:8658]
7fa09c064000-7fa09c065000 ---p 00000000 00:00 0 
7fa09c065000-7fa09c165000 rw-p 00000000 00:00 0                          [stack:8656]
7fa09c165000-7fa09c166000 ---p 00000000 00:00 0 
7fa09c166000-7fa09c266000 rw-p 00000000 00:00 0                          [stack:8653]
7fa09c266000-7fa09c267000 ---p 00000000 00:00 0 
7fa09c267000-7fa09c372000 rw-p 00000000 00:00 0                          [stack:8651]
7fa09c372000-7fa09c3ba000 rw-p 00000000 00:00 0 
7fa09c3ba000-7fa09c3e3000 rw-p 00000000 00:00 0 
7fa09c3e3000-7fa09c50f000 rw-p 00000000 00:00 0 
7fa09c50f000-7fa09c554000 rw-p 00000000 00:00 0 
7fa09c554000-7fa09c5ba000 rw-p 00000000 00:00 0 
7fa09c5ba000-7fa09c5bb000 rw-p 00000000 00:00 0 
7fa09c5bb000-7fa09c90b000 rwxp 00000000 00:00 0 
7fa09c90b000-7fa09f5bb000 rw-p 00000000 00:00 0 
7fa09f5bb000-7fa09f5c3000 r-xp 00000000 08:01 5140463                    /usr/lib/jvm/java-7-openjdk-amd64/jre/lib/amd64/libzip.so
7fa09f5c3000-7fa09f7c2000 ---p 00008000 08:01 5140463                    /usr/lib/jvm/java-7-openjdk-amd64/jre/lib/amd64/libzip.so
7fa09f7c2000-7fa09f7c3000 r--p 00007000 08:01 5140463                    /usr/lib/jvm/java-7-openjdk-amd64/jre/lib/amd64/libzip.so
7fa09f7c3000-7fa09f7c4000 rw-p 00008000 08:01 5140463                    /usr/lib/jvm/java-7-openjdk-amd64/jre/lib/amd64/libzip.so
7fa09f7c4000-7fa09f7cf000 r-xp 00000000 08:01 4207759                    /lib/x86_64-linux-gnu/libnss_files-2.19.so
7fa09f7cf000-7fa09f9ce000 ---p 0000b000 08:01 4207759                    /lib/x86_64-linux-gnu/libnss_files-2.19.so
7fa09f9ce000-7fa09f9cf000 r--p 0000a000 08:01 4207759                    /lib/x86_64-linux-gnu/libnss_files-2.19.so
7fa09f9cf000-7fa09f9d0000 rw-p 0000b000 08:01 4207759                    /lib/x86_64-linux-gnu/libnss_files-2.19.so
7fa09f9d0000-7fa09f9db000 r-xp 00000000 08:01 4214180                    /lib/x86_64-linux-gnu/libnss_nis-2.19.so
7fa09f9db000-7fa09fbda000 ---p 0000b000 08:01 4214180                    /lib/x86_64-linux-gnu/libnss_nis-2.19.so
7fa09fbda000-7fa09fbdb000 r--p 0000a000 08:01 4214180                    /lib/x86_64-linux-gnu/libnss_nis-2.19.so
7fa09fbdb000-7fa09fbdc000 rw-p 0000b000 08:01 4214180                    /lib/x86_64-linux-gnu/libnss_nis-2.19.so
7fa09fbdc000-7fa09fbf3000 r-xp 00000000 08:01 4209445                    /lib/x86_64-linux-gnu/libnsl-2.19.so
7fa09fbf3000-7fa09fdf2000 ---p 00017000 08:01 4209445                    /lib/x86_64-linux-gnu/libnsl-2.19.so
7fa09fdf2000-7fa09fdf3000 r--p 00016000 08:01 4209445                    /lib/x86_64-linux-gnu/libnsl-2.19.so
7fa09fdf3000-7fa09fdf4000 rw-p 00017000 08:01 4209445                    /lib/x86_64-linux-gnu/libnsl-2.19.so
7fa09fdf4000-7fa09fdf6000 rw-p 00000000 00:00 0 
7fa09fdf6000-7fa09fdff000 r-xp 00000000 08:01 4209444                    /lib/x86_64-linux-gnu/libnss_compat-2.19.so
7fa09fdff000-7fa09fffe000 ---p 00009000 08:01 4209444                    /lib/x86_64-linux-gnu/libnss_compat-2.19.so
7fa09fffe000-7fa09ffff000 r--p 00008000 08:01 4209444                    /lib/x86_64-linux-gnu/libnss_compat-2.19.so
7fa09ffff000-7fa0a0000000 rw-p 00009000 08:01 4209444                    /lib/x86_64-linux-gnu/libnss_compat-2.19.so
7fa0a0000000-7fa0a01e5000 rw-p 00000000 00:00 0 
7fa0a01e5000-7fa0a4000000 ---p 00000000 00:00 0 
7fa0a4004000-7fa0a4027000 rw-p 00000000 00:00 0 
7fa0a4027000-7fa0a406f000 rw-p 00000000 00:00 0 
7fa0a406f000-7fa0a4098000 rw-p 00000000 00:00 0 
7fa0a4098000-7fa0a41c5000 rw-p 00000000 00:00 0 
7fa0a41c5000-7fa0a41f0000 r-xp 00000000 08:01 5140497                    /usr/lib/jvm/java-7-openjdk-amd64/jre/lib/amd64/libjava.so
7fa0a41f0000-7fa0a43ef000 ---p 0002b000 08:01 5140497                    /usr/lib/jvm/java-7-openjdk-amd64/jre/lib/amd64/libjava.so
7fa0a43ef000-7fa0a43f0000 r--p 0002a000 08:01 5140497                    /usr/lib/jvm/java-7-openjdk-amd64/jre/lib/amd64/libjava.so
7fa0a43f0000-7fa0a43f2000 rw-p 0002b000 08:01 5140497                    /usr/lib/jvm/java-7-openjdk-amd64/jre/lib/amd64/libjava.so
7fa0a43f2000-7fa0a4402000 r-xp 00000000 08:01 5140479                    /usr/lib/jvm/java-7-openjdk-amd64/jre/lib/amd64/libverify.so
7fa0a4402000-7fa0a4601000 ---p 00010000 08:01 5140479                    /usr/lib/jvm/java-7-openjdk-amd64/jre/lib/amd64/libverify.so
7fa0a4601000-7fa0a4603000 r--p 0000f000 08:01 5140479                    /usr/lib/jvm/java-7-openjdk-amd64/jre/lib/amd64/libverify.so
7fa0a4603000-7fa0a4604000 rw-p 00011000 08:01 5140479                    /usr/lib/jvm/java-7-openjdk-amd64/jre/lib/amd64/libverify.so
7fa0a4604000-7fa0a460b000 r-xp 00000000 08:01 4209890                    /lib/x86_64-linux-gnu/librt-2.19.so
7fa0a460b000-7fa0a480a000 ---p 00007000 08:01 4209890                    /lib/x86_64-linux-gnu/librt-2.19.so
7fa0a480a000-7fa0a480b000 r--p 00006000 08:01 4209890                    /lib/x86_64-linux-gnu/librt-2.19.so
7fa0a480b000-7fa0a480c000 rw-p 00007000 08:01 4209890                    /lib/x86_64-linux-gnu/librt-2.19.so
7fa0a480c000-7fa0a4822000 r-xp 00000000 08:01 4194405                    /lib/x86_64-linux-gnu/libgcc_s.so.1
7fa0a4822000-7fa0a4a21000 ---p 00016000 08:01 4194405                    /lib/x86_64-linux-gnu/libgcc_s.so.1
7fa0a4a21000-7fa0a4a22000 rw-p 00015000 08:01 4194405                    /lib/x86_64-linux-gnu/libgcc_s.so.1
7fa0a4a22000-7fa0a4b27000 r-xp 00000000 08:01 4194323                    /lib/x86_64-linux-gnu/libm-2.19.so
7fa0a4b27000-7fa0a4d26000 ---p 00105000 08:01 4194323                    /lib/x86_64-linux-gnu/libm-2.19.so
7fa0a4d26000-7fa0a4d27000 r--p 00104000 08:01 4194323                    /lib/x86_64-linux-gnu/libm-2.19.so
7fa0a4d27000-7fa0a4d28000 rw-p 00105000 08:01 4194323                    /lib/x86_64-linux-gnu/libm-2.19.so
7fa0a4d28000-7fa0a4e0e000 r-xp 00000000 08:01 5127079                    /usr/lib/x86_64-linux-gnu/libstdc++.so.6.0.19
7fa0a4e0e000-7fa0a500d000 ---p 000e6000 08:01 5127079                    /usr/lib/x86_64-linux-gnu/libstdc++.so.6.0.19
7fa0a500d000-7fa0a5015000 r--p 000e5000 08:01 5127079                    /usr/lib/x86_64-linux-gnu/libstdc++.so.6.0.19
7fa0a5015000-7fa0a5017000 rw-p 000ed000 08:01 5127079                    /usr/lib/x86_64-linux-gnu/libstdc++.so.6.0.19
7fa0a5017000-7fa0a502c000 rw-p 00000000 00:00 0 
7fa0a502c000-7fa0a5b45000 r-xp 00000000 08:01 5140467                    /usr/lib/jvm/java-7-openjdk-amd64/jre/lib/amd64/server/libjvm.so
7fa0a5b45000-7fa0a5d45000 ---p 00b19000 08:01 5140467                    /usr/lib/jvm/java-7-openjdk-amd64/jre/lib/amd64/server/libjvm.so
7fa0a5d45000-7fa0a5ddf000 r--p 00b19000 08:01 5140467                    /usr/lib/jvm/java-7-openjdk-amd64/jre/lib/amd64/server/libjvm.so
7fa0a5ddf000-7fa0a5e02000 rw-p 00bb3000 08:01 5140467                    /usr/lib/jvm/java-7-openjdk-amd64/jre/lib/amd64/server/libjvm.so
7fa0a5e02000-7fa0a5e30000 rw-p 00000000 00:00 0 
7fa0a5e30000-7fa0a5e48000 r-xp 00000000 08:01 4198485                    /lib/x86_64-linux-gnu/libz.so.1.2.8
7fa0a5e48000-7fa0a6047000 ---p 00018000 08:01 4198485                    /lib/x86_64-linux-gnu/libz.so.1.2.8
7fa0a6047000-7fa0a6048000 r--p 00017000 08:01 4198485                    /lib/x86_64-linux-gnu/libz.so.1.2.8
7fa0a6048000-7fa0a6049000 rw-p 00018000 08:01 4198485                    /lib/x86_64-linux-gnu/libz.so.1.2.8
7fa0a6049000-7fa0a6062000 r-xp 00000000 08:01 4209879                    /lib/x86_64-linux-gnu/libpthread-2.19.so
7fa0a6062000-7fa0a6261000 ---p 00019000 08:01 4209879                    /lib/x86_64-linux-gnu/libpthread-2.19.so
7fa0a6261000-7fa0a6262000 r--p 00018000 08:01 4209879                    /lib/x86_64-linux-gnu/libpthread-2.19.so
7fa0a6262000-7fa0a6263000 rw-p 00019000 08:01 4209879                    /lib/x86_64-linux-gnu/libpthread-2.19.so
7fa0a6263000-7fa0a6267000 rw-p 00000000 00:00 0 
7fa0a6267000-7fa0a626a000 r-xp 00000000 08:01 4209433                    /lib/x86_64-linux-gnu/libdl-2.19.so
7fa0a626a000-7fa0a6469000 ---p 00003000 08:01 4209433                    /lib/x86_64-linux-gnu/libdl-2.19.so
7fa0a6469000-7fa0a646a000 r--p 00002000 08:01 4209433                    /lib/x86_64-linux-gnu/libdl-2.19.so
7fa0a646a000-7fa0a646b000 rw-p 00003000 08:01 4209433                    /lib/x86_64-linux-gnu/libdl-2.19.so
7fa0a646b000-7fa0a6626000 r-xp 00000000 08:01 4209877                    /lib/x86_64-linux-gnu/libc-2.19.so
7fa0a6626000-7fa0a6825000 ---p 001bb000 08:01 4209877                    /lib/x86_64-linux-gnu/libc-2.19.so
7fa0a6825000-7fa0a6829000 r--p 001ba000 08:01 4209877                    /lib/x86_64-linux-gnu/libc-2.19.so
7fa0a6829000-7fa0a682b000 rw-p 001be000 08:01 4209877                    /lib/x86_64-linux-gnu/libc-2.19.so
7fa0a682b000-7fa0a6830000 rw-p 00000000 00:00 0 
7fa0a6830000-7fa0a683d000 r-xp 00000000 08:01 5140465                    /usr/lib/jvm/java-7-openjdk-amd64/jre/lib/amd64/jli/libjli.so
7fa0a683d000-7fa0a6a3c000 ---p 0000d000 08:01 5140465                    /usr/lib/jvm/java-7-openjdk-amd64/jre/lib/amd64/jli/libjli.so
7fa0a6a3c000-7fa0a6a3d000 r--p 0000c000 08:01 5140465                    /usr/lib/jvm/java-7-openjdk-amd64/jre/lib/amd64/jli/libjli.so
7fa0a6a3d000-7fa0a6a3e000 rw-p 0000d000 08:01 5140465                    /usr/lib/jvm/java-7-openjdk-amd64/jre/lib/amd64/jli/libjli.so
7fa0a6a3e000-7fa0a6a61000 r-xp 00000000 08:01 4209870                    /lib/x86_64-linux-gnu/ld-2.19.so
7fa0a6a69000-7fa0a6a78000 r--s 000df000 08:01 4683568                    /home/kirthan/Android/Sdk/build-tools/23.0.1/lib/dx.jar
7fa0a6a78000-7fa0a6a86000 rw-p 00000000 00:00 0 
7fa0a6a86000-7fa0a6b38000 rw-p 00000000 00:00 0 
7fa0a6b38000-7fa0a6b3b000 ---p 00000000 00:00 0 
7fa0a6b3b000-7fa0a6c3e000 rw-p 00000000 00:00 0                          [stack:8647]
7fa0a6c3f000-7fa0a6c40000 rw-p 00000000 00:00 0 
7fa0a6c40000-7fa0a6c41000 r--s 00002000 08:01 5140451                    /usr/lib/jvm/java-7-openjdk-amd64/jre/lib/ext/dnsns.jar
7fa0a6c41000-7fa0a6c43000 r--s 00012000 08:01 5140455                    /usr/lib/jvm/java-7-openjdk-amd64/jre/lib/ext/zipfs.jar
7fa0a6c43000-7fa0a6c46000 r--s 0000f000 08:01 5140454                    /usr/lib/jvm/java-7-openjdk-amd64/jre/lib/ext/icedtea-sound.jar
7fa0a6c46000-7fa0a6c4a000 r--s 0003c000 08:01 5140453                    /usr/lib/jvm/java-7-openjdk-amd64/jre/lib/ext/sunpkcs11.jar
7fa0a6c4a000-7fa0a6c4e000 r--s 00085000 08:01 5140450                    /usr/lib/jvm/java-7-openjdk-amd64/jre/lib/ext/localedata.jar
7fa0a6c4e000-7fa0a6c50000 r--s 00006000 08:01 2399                       /usr/share/java/java-atk-wrapper.jar
7fa0a6c50000-7fa0a6c54000 r--s 00034000 08:01 5140452                    /usr/lib/jvm/java-7-openjdk-amd64/jre/lib/ext/sunjce_provider.jar
7fa0a6c54000-7fa0a6c5c000 rw-s 00000000 08:01 5401945                    /tmp/hsperfdata_kirthan/8620
7fa0a6c5c000-7fa0a6c5d000 rw-p 00000000 00:00 0 
7fa0a6c5d000-7fa0a6c5e000 ---p 00000000 00:00 0 
7fa0a6c5e000-7fa0a6c60000 rw-p 00000000 00:00 0 
7fa0a6c60000-7fa0a6c61000 r--p 00022000 08:01 4209870                    /lib/x86_64-linux-gnu/ld-2.19.so
7fa0a6c61000-7fa0a6c62000 rw-p 00023000 08:01 4209870                    /lib/x86_64-linux-gnu/ld-2.19.so
7fa0a6c62000-7fa0a6c63000 rw-p 00000000 00:00 0 
7ffcf5e93000-7ffcf5eb5000 rw-p 00000000 00:00 0                          [stack]
7ffcf5f66000-7ffcf5f68000 r-xp 00000000 00:00 0                          [vdso]
ffffffffff600000-ffffffffff601000 r-xp 00000000 00:00 0                  [vsyscall]

VM Arguments:
jvm_args: -Xmx1024M -Dfile.encoding=UTF-8 -Duser.country=US -Duser.language=en -Duser.variant 
java_command: com.android.dx.command.Main --dex --num-threads=4 --output /var/www/android-project/MyTestApp/app/build/intermediates/pre-dexed/debug/classes-d6742caf3b212de7fa2f6924d444fd079c7bb863.jar /var/www/android-project/MyTestApp/app/build/intermediates/exploded-aar/com.android.support/appcompat-v7/22.2.1/jars/classes.jar
Launcher Type: SUN_STANDARD

Environment Variables:
PATH=/home/kirthan/.node/bin:/usr/local/sbin:/usr/local/bin:/usr/sbin:/usr/bin:/sbin:/bin:/usr/games:/usr/local/games:/usr/local/rvm/bin
LD_LIBRARY_PATH=.:
SHELL=/bin/bash
DISPLAY=:0

Signal Handlers:
SIGSEGV: [libjvm.so+0x94bab0], sa_mask[0]=0x7ffbfeff, sa_flags=0x10000004
SIGBUS: [libjvm.so+0x94bab0], sa_mask[0]=0x7ffbfeff, sa_flags=0x10000004
SIGFPE: [libjvm.so+0x7c38b0], sa_mask[0]=0x7ffbfeff, sa_flags=0x10000004
SIGPIPE: [libjvm.so+0x7c38b0], sa_mask[0]=0x7ffbfeff, sa_flags=0x10000004
SIGXFSZ: [libjvm.so+0x7c38b0], sa_mask[0]=0x7ffbfeff, sa_flags=0x10000004
SIGILL: [libjvm.so+0x7c38b0], sa_mask[0]=0x7ffbfeff, sa_flags=0x10000004
SIGUSR1: SIG_DFL, sa_mask[0]=0x00000000, sa_flags=0x00000000
SIGUSR2: [libjvm.so+0x7c3750], sa_mask[0]=0x00000004, sa_flags=0x10000004
SIGHUP: [libjvm.so+0x7c3930], sa_mask[0]=0x7ffbfeff, sa_flags=0x10000004
SIGINT: [libjvm.so+0x7c3930], sa_mask[0]=0x7ffbfeff, sa_flags=0x10000004
SIGTERM: [libjvm.so+0x7c3930], sa_mask[0]=0x7ffbfeff, sa_flags=0x10000004
SIGQUIT: [libjvm.so+0x7c3930], sa_mask[0]=0x7ffbfeff, sa_flags=0x10000004
SIGTRAP: SIG_DFL, sa_mask[0]=0x00000000, sa_flags=0x00000000


---------------  S Y S T E M  ---------------

OS:Ubuntu 14.04 (trusty)
uname:Linux 3.13.0-62-generic #102-Ubuntu SMP Tue Aug 11 14:29:36 UTC 2015 x86_64
libc:glibc 2.19 NPTL 2.19 
rlimit: STACK 8192k, CORE 0k, NPROC 62901, NOFILE 10000, AS infinity
load average:57.73 22.42 8.31

/proc/meminfo:
MemTotal:        8082920 kB
MemFree:          319108 kB
Buffers:            3640 kB
Cached:           838196 kB
SwapCached:            0 kB
Active:          6675960 kB
Inactive:         826872 kB
Active(anon):    6668560 kB
Inactive(anon):   767664 kB
Active(file):       7400 kB
Inactive(file):    59208 kB
Unevictable:        6240 kB
Mlocked:            6240 kB
SwapTotal:             0 kB
SwapFree:              0 kB
Dirty:               516 kB
Writeback:             0 kB
AnonPages:       6667308 kB
Mapped:           274420 kB
Shmem:            771656 kB
Slab:             106976 kB
SReclaimable:      64404 kB
SUnreclaim:        42572 kB
KernelStack:        7360 kB
PageTables:        56904 kB
NFS_Unstable:          0 kB
Bounce:                0 kB
WritebackTmp:          0 kB
CommitLimit:     4041460 kB
Committed_AS:   14254292 kB
VmallocTotal:   34359738367 kB
VmallocUsed:      362024 kB
VmallocChunk:   34359359048 kB
HardwareCorrupted:     0 kB
AnonHugePages:   2779136 kB
HugePages_Total:       0
HugePages_Free:        0
HugePages_Rsvd:        0
HugePages_Surp:        0
Hugepagesize:       2048 kB
DirectMap4k:       76636 kB
DirectMap2M:     8218624 kB


CPU:total 4 (4 cores per cpu, 1 threads per core) family 6 model 42 stepping 7, cmov, cx8, fxsr, mmx, sse, sse2, sse3, ssse3, sse4.1, sse4.2, popcnt, avx, aes, tsc, tscinvbit

/proc/cpuinfo:
processor	: 0
vendor_id	: GenuineIntel
cpu family	: 6
model		: 42
model name	: Intel(R) Core(TM) i5-2400 CPU @ 3.10GHz
stepping	: 7
microcode	: 0x14
cpu MHz		: 3101.000
cache size	: 6144 KB
physical id	: 0
siblings	: 4
core id		: 0
cpu cores	: 4
apicid		: 0
initial apicid	: 0
fpu		: yes
fpu_exception	: yes
cpuid level	: 13
wp		: yes
flags		: fpu vme de pse tsc msr pae mce cx8 apic sep mtrr pge mca cmov pat pse36 clflush dts acpi mmx fxsr sse sse2 ss ht tm pbe syscall nx rdtscp lm constant_tsc arch_perfmon pebs bts rep_good nopl xtopology nonstop_tsc aperfmperf eagerfpu pni pclmulqdq dtes64 monitor ds_cpl vmx smx est tm2 ssse3 cx16 xtpr pdcm pcid sse4_1 sse4_2 x2apic popcnt tsc_deadline_timer aes xsave avx lahf_lm ida arat epb xsaveopt pln pts dtherm tpr_shadow vnmi flexpriority ept vpid
bogomips	: 6186.12
clflush size	: 64
cache_alignment	: 64
address sizes	: 36 bits physical, 48 bits virtual
power management:

processor	: 1
vendor_id	: GenuineIntel
cpu family	: 6
model		: 42
model name	: Intel(R) Core(TM) i5-2400 CPU @ 3.10GHz
stepping	: 7
microcode	: 0x14
cpu MHz		: 3101.000
cache size	: 6144 KB
physical id	: 0
siblings	: 4
core id		: 1
cpu cores	: 4
apicid		: 2
initial apicid	: 2
fpu		: yes
fpu_exception	: yes
cpuid level	: 13
wp		: yes
flags		: fpu vme de pse tsc msr pae mce cx8 apic sep mtrr pge mca cmov pat pse36 clflush dts acpi mmx fxsr sse sse2 ss ht tm pbe syscall nx rdtscp lm constant_tsc arch_perfmon pebs bts rep_good nopl xtopology nonstop_tsc aperfmperf eagerfpu pni pclmulqdq dtes64 monitor ds_cpl vmx smx est tm2 ssse3 cx16 xtpr pdcm pcid sse4_1 sse4_2 x2apic popcnt tsc_deadline_timer aes xsave avx lahf_lm ida arat epb xsaveopt pln pts dtherm tpr_shadow vnmi flexpriority ept vpid
bogomips	: 6186.12
clflush size	: 64
cache_alignment	: 64
address sizes	: 36 bits physical, 48 bits virtual
power management:

processor	: 2
vendor_id	: GenuineIntel
cpu family	: 6
model		: 42
model name	: Intel(R) Core(TM) i5-2400 CPU @ 3.10GHz
stepping	: 7
microcode	: 0x14
cpu MHz		: 1600.000
cache size	: 6144 KB
physical id	: 0
siblings	: 4
core id		: 2
cpu cores	: 4
apicid		: 4
initial apicid	: 4
fpu		: yes
fpu_exception	: yes
cpuid level	: 13
wp		: yes
flags		: fpu vme de pse tsc msr pae mce cx8 apic sep mtrr pge mca cmov pat pse36 clflush dts acpi mmx fxsr sse sse2 ss ht tm pbe syscall nx rdtscp lm constant_tsc arch_perfmon pebs bts rep_good nopl xtopology nonstop_tsc aperfmperf eagerfpu pni pclmulqdq dtes64 monitor ds_cpl vmx smx est tm2 ssse3 cx16 xtpr pdcm pcid sse4_1 sse4_2 x2apic popcnt tsc_deadline_timer aes xsave avx lahf_lm ida arat epb xsaveopt pln pts dtherm tpr_shadow vnmi flexpriority ept vpid
bogomips	: 6186.12
clflush size	: 64
cache_alignment	: 64
address sizes	: 36 bits physical, 48 bits virtual
power management:

processor	: 3
vendor_id	: GenuineIntel
cpu family	: 6
model		: 42
model name	: Intel(R) Core(TM) i5-2400 CPU @ 3.10GHz
stepping	: 7
microcode	: 0x14
cpu MHz		: 1600.000
cache size	: 6144 KB
physical id	: 0
siblings	: 4
core id		: 3
cpu cores	: 4
apicid		: 6
initial apicid	: 6
fpu		: yes
fpu_exception	: yes
cpuid level	: 13
wp		: yes
flags		: fpu vme de pse tsc msr pae mce cx8 apic sep mtrr pge mca cmov pat pse36 clflush dts acpi mmx fxsr sse sse2 ss ht tm pbe syscall nx rdtscp lm constant_tsc arch_perfmon pebs bts rep_good nopl xtopology nonstop_tsc aperfmperf eagerfpu pni pclmulqdq dtes64 monitor ds_cpl vmx smx est tm2 ssse3 cx16 xtpr pdcm pcid sse4_1 sse4_2 x2apic popcnt tsc_deadline_timer aes xsave avx lahf_lm ida arat epb xsaveopt pln pts dtherm tpr_shadow vnmi flexpriority ept vpid
bogomips	: 6186.12
clflush size	: 64
cache_alignment	: 64
address sizes	: 36 bits physical, 48 bits virtual
power management:



Memory: 4k page, physical 8082920k(319108k free), swap 0k(0k free)

vm_info: OpenJDK 64-Bit Server VM (24.79-b02) for linux-amd64 JRE (1.7.0_79-b14), built on Jul 24 2015 08:15:54 by "buildd" with gcc 4.8.2

time: Mon Oct 12 20:57:58 2015
elapsed time: 123 seconds

