#
# There is insufficient memory for the Java Runtime Environment to continue.
# Native memory allocation (malloc) failed to allocate 175112192 bytes for committing reserved memory.
# Possible reasons:
#   The system is out of physical RAM or swap space
#   In 32 bit mode, the process size limit was hit
# Possible solutions:
#   Reduce memory load on the system
#   Increase physical memory or swap space
#   Check if swap backing store is full
#   Use 64 bit Java on a 64 bit OS
#   Decrease Java heap size (-Xmx/-Xms)
#   Decrease number of Java threads
#   Decrease Java thread stack sizes (-Xss)
#   Set larger code cache with -XX:ReservedCodeCacheSize=
# This output file may be truncated or incomplete.
#
#  Out of Memory Error (os_linux.cpp:2809), pid=23795, tid=140326268086016
#
# JRE version: OpenJDK Runtime Environment (7.0_79-b14) (build 1.7.0_79-b14)
# Java VM: OpenJDK 64-Bit Server VM (24.79-b02 mixed mode linux-amd64 compressed oops)
# Derivative: IcedTea 2.5.6
# Distribution: Ubuntu 14.04 LTS, package 7u79-2.5.6-0ubuntu1.14.04.1
# Failed to write core dump. Core dumps have been disabled. To enable core dumping, try "ulimit -c unlimited" before starting Java again
#

---------------  T H R E A D  ---------------

Current thread (0x00007fa04c075800):  VMThread [stack: 0x00007fa0414ca000,0x00007fa0415cb000] [id=23827]

Stack: [0x00007fa0414ca000,0x00007fa0415cb000],  sp=0x00007fa0415c9490,  free space=1021k
Native frames: (J=compiled Java code, j=interpreted, Vv=VM code, C=native code)
V  [libjvm.so+0x94afd5]  VMError::report_and_die()+0x175
V  [libjvm.so+0x48b9f4]  report_vm_out_of_memory(char const*, int, unsigned long, char const*)+0x74
V  [libjvm.so+0x7c809b]  os::pd_commit_memory(char*, unsigned long, unsigned long, bool)+0xeb
V  [libjvm.so+0x7c2b3f]  os::commit_memory(char*, unsigned long, unsigned long, bool)+0x1f
V  [libjvm.so+0x83503b]  PSVirtualSpace::expand_by(unsigned long)+0x5b
V  [libjvm.so+0x835e90]  PSYoungGen::resize_generation(unsigned long, unsigned long)+0xb0
V  [libjvm.so+0x83657b]  PSYoungGen::resize(unsigned long, unsigned long)+0x1b
V  [libjvm.so+0x832860]  PSScavenge::invoke_no_policy()+0xde0
V  [libjvm.so+0x833038]  PSScavenge::invoke()+0x38
V  [libjvm.so+0x7e9723]  ParallelScavengeHeap::failed_mem_allocate(unsigned long)+0x63
V  [libjvm.so+0x94c9d4]  VM_ParallelGCFailedAllocation::doit()+0x84
V  [libjvm.so+0x950ed7]  VM_Operation::evaluate()+0x47
V  [libjvm.so+0x94f848]  VMThread::evaluate_operation(VM_Operation*)+0x318
V  [libjvm.so+0x94fca9]  VMThread::loop()+0x219
V  [libjvm.so+0x9500f2]  VMThread::run()+0x72
V  [libjvm.so+0x7c4f62]  java_start(Thread*)+0xf2

VM_Operation (0x00007fa053d79ca0): ParallelGCFailedAllocation, mode: safepoint, requested by thread 0x00007fa04c00a800


---------------  P R O C E S S  ---------------

Java Threads: ( => current thread )
  0x00007fa04c0ae000 JavaThread "Service Thread" daemon [_thread_blocked, id=23856, stack(0x00007fa04079e000,0x00007fa04089f000)]
  0x00007fa04c0ac000 JavaThread "C2 CompilerThread1" daemon [_thread_blocked, id=23855, stack(0x00007fa04089f000,0x00007fa0409a0000)]
  0x00007fa04c0a9000 JavaThread "C2 CompilerThread0" daemon [_thread_blocked, id=23854, stack(0x00007fa0409a0000,0x00007fa040aa1000)]
  0x00007fa04c0a7000 JavaThread "Signal Dispatcher" daemon [_thread_blocked, id=23852, stack(0x00007fa040aa1000,0x00007fa040ba2000)]
  0x00007fa04c07c000 JavaThread "Finalizer" daemon [_thread_blocked, id=23837, stack(0x00007fa0412c8000,0x00007fa0413c9000)]
  0x00007fa04c07a000 JavaThread "Reference Handler" daemon [_thread_blocked, id=23836, stack(0x00007fa0413c9000,0x00007fa0414ca000)]
  0x00007fa04c00a800 JavaThread "main" [_thread_blocked, id=23805, stack(0x00007fa053c7b000,0x00007fa053d7c000)]

Other Threads:
=>0x00007fa04c075800 VMThread [stack: 0x00007fa0414ca000,0x00007fa0415cb000] [id=23827]
  0x00007fa04c0b9000 WatcherThread [stack: 0x00007fa04069d000,0x00007fa04079e000] [id=23857]

VM state:at safepoint (normal execution)

VM Mutex/Monitor currently owned by a thread:  ([mutex/lock_event])
[0x00007fa04c0068d0] Threads_lock - owner thread: 0x00007fa04c075800
[0x00007fa04c006dd0] Heap_lock - owner thread: 0x00007fa04c00a800

Heap
 PSYoungGen      total 134144K, used 5109K [0x00000000eaa80000, 0x00000000f3280000, 0x0000000100000000)
  eden space 129024K, 0% used [0x00000000eaa80000,0x00000000eaa80000,0x00000000f2880000)
  from space 5120K, 99% used [0x00000000f2880000,0x00000000f2d7d638,0x00000000f2d80000)
  to   space 5120K, 0% used [0x00000000f2d80000,0x00000000f2d80000,0x00000000f3280000)
 ParOldGen       total 83968K, used 46353K [0x00000000c0000000, 0x00000000c5200000, 0x00000000eaa80000)
  object space 83968K, 55% used [0x00000000c0000000,0x00000000c2d44748,0x00000000c5200000)
 PSPermGen       total 21504K, used 5997K [0x00000000b5a00000, 0x00000000b6f00000, 0x00000000c0000000)
  object space 21504K, 27% used [0x00000000b5a00000,0x00000000b5fdb590,0x00000000b6f00000)

Card table byte_map: [0x00007fa05066f000,0x00007fa0508c3000] byte_map_base: 0x00007fa0500c2000

Polling page: 0x00007fa053da0000

Code Cache  [0x00007fa049000000, 0x00007fa0492d0000, 0x00007fa04c000000)
 total_blobs=883 nmethods=655 adapters=181 free_code_cache=46450Kb largest_free_block=47425600

Compilation events (10 events):
Event: 9.656 Thread 0x00007fa04c0ac000 nmethod 658 0x00007fa0491750d0 code [0x00007fa049175240, 0x00007fa049175488]
Event: 9.656 Thread 0x00007fa04c0ac000  659             com.android.dx.cf.iface.StdMethod::getEffectiveDescriptor (5 bytes)
Event: 9.656 Thread 0x00007fa04c0ac000 nmethod 659 0x00007fa049279d90 code [0x00007fa049279ec0, 0x00007fa049279f18]
Event: 9.662 Thread 0x00007fa04c0a9000 nmethod 653 0x00007fa04919ee10 code [0x00007fa04919f340, 0x00007fa0491a1960]
Event: 9.681 Thread 0x00007fa04c0ac000  660             com.android.dx.ssa.PhiInsn::predBlockIndexForSourcesIndex (15 bytes)
Event: 9.681 Thread 0x00007fa04c0ac000 nmethod 660 0x00007fa049174cd0 code [0x00007fa049174e20, 0x00007fa049174f18]
Event: 9.691 Thread 0x00007fa04c0a9000  661             com.android.dx.ssa.BasicRegisterMapper::oldToNew (22 bytes)
Event: 9.691 Thread 0x00007fa04c0a9000 nmethod 661 0x00007fa0491749d0 code [0x00007fa049174b20, 0x00007fa049174bd8]
Event: 9.692 Thread 0x00007fa04c0a9000  662             com.android.dx.ssa.MoveParamCombiner$1::visitNonMoveInsn (213 bytes)
Event: 9.698 Thread 0x00007fa04c0a9000 nmethod 662 0x00007fa0492a6b50 code [0x00007fa0492a6d60, 0x00007fa0492a72b0]

GC Heap History (9 events):
Event: 2.332 GC heap before
{Heap before GC invocations=1 (full 0):
 PSYoungGen      total 37376K, used 32256K [0x00000000eaa80000, 0x00000000ed400000, 0x0000000100000000)
  eden space 32256K, 100% used [0x00000000eaa80000,0x00000000eca00000,0x00000000eca00000)
  from space 5120K, 0% used [0x00000000ecf00000,0x00000000ecf00000,0x00000000ed400000)
  to   space 5120K, 0% used [0x00000000eca00000,0x00000000eca00000,0x00000000ecf00000)
 ParOldGen       total 83968K, used 0K [0x00000000c0000000, 0x00000000c5200000, 0x00000000eaa80000)
  object space 83968K, 0% used [0x00000000c0000000,0x00000000c0000000,0x00000000c5200000)
 PSPermGen       total 21504K, used 5778K [0x00000000b5a00000, 0x00000000b6f00000, 0x00000000c0000000)
  object space 21504K, 26% used [0x00000000b5a00000,0x00000000b5fa4998,0x00000000b6f00000)
Event: 2.368 GC heap after
Heap after GC invocations=1 (full 0):
 PSYoungGen      total 37376K, used 5095K [0x00000000eaa80000, 0x00000000ef380000, 0x0000000100000000)
  eden space 32256K, 0% used [0x00000000eaa80000,0x00000000eaa80000,0x00000000eca00000)
  from space 5120K, 99% used [0x00000000eca00000,0x00000000ecef9c78,0x00000000ecf00000)
  to   space 5120K, 0% used [0x00000000eee80000,0x00000000eee80000,0x00000000ef380000)
 ParOldGen       total 83968K, used 1682K [0x00000000c0000000, 0x00000000c5200000, 0x00000000eaa80000)
  object space 83968K, 2% used [0x00000000c0000000,0x00000000c01a4a48,0x00000000c5200000)
 PSPermGen       total 21504K, used 5778K [0x00000000b5a00000, 0x00000000b6f00000, 0x00000000c0000000)
  object space 21504K, 26% used [0x00000000b5a00000,0x00000000b5fa4998,0x00000000b6f00000)
}
Event: 3.922 GC heap before
{Heap before GC invocations=2 (full 0):
 PSYoungGen      total 37376K, used 37351K [0x00000000eaa80000, 0x00000000ef380000, 0x0000000100000000)
  eden space 32256K, 100% used [0x00000000eaa80000,0x00000000eca00000,0x00000000eca00000)
  from space 5120K, 99% used [0x00000000eca00000,0x00000000ecef9c78,0x00000000ecf00000)
  to   space 5120K, 0% used [0x00000000eee80000,0x00000000eee80000,0x00000000ef380000)
 ParOldGen       total 83968K, used 1682K [0x00000000c0000000, 0x00000000c5200000, 0x00000000eaa80000)
  object space 83968K, 2% used [0x00000000c0000000,0x00000000c01a4a48,0x00000000c5200000)
 PSPermGen       total 21504K, used 5840K [0x00000000b5a00000, 0x00000000b6f00000, 0x00000000c0000000)
  object space 21504K, 27% used [0x00000000b5a00000,0x00000000b5fb42b8,0x00000000b6f00000)
Event: 4.129 GC heap after
Heap after GC invocations=2 (full 0):
 PSYoungGen      total 69632K, used 5110K [0x00000000eaa80000, 0x00000000ef380000, 0x0000000100000000)
  eden space 64512K, 0% used [0x00000000eaa80000,0x00000000eaa80000,0x00000000ee980000)
  from space 5120K, 99% used [0x00000000eee80000,0x00000000ef37db60,0x00000000ef380000)
  to   space 5120K, 0% used [0x00000000ee980000,0x00000000ee980000,0x00000000eee80000)
 ParOldGen       total 83968K, used 7104K [0x00000000c0000000, 0x00000000c5200000, 0x00000000eaa80000)
  object space 83968K, 8% used [0x00000000c0000000,0x00000000c06f01c0,0x00000000c5200000)
 PSPermGen       total 21504K, used 5840K [0x00000000b5a00000, 0x00000000b6f00000, 0x00000000c0000000)
  object space 21504K, 27% used [0x00000000b5a00000,0x00000000b5fb42b8,0x00000000b6f00000)
}
Event: 6.522 GC heap before
{Heap before GC invocations=3 (full 0):
 PSYoungGen      total 69632K, used 69622K [0x00000000eaa80000, 0x00000000ef380000, 0x0000000100000000)
  eden space 64512K, 100% used [0x00000000eaa80000,0x00000000ee980000,0x00000000ee980000)
  from space 5120K, 99% used [0x00000000eee80000,0x00000000ef37db60,0x00000000ef380000)
  to   space 5120K, 0% used [0x00000000ee980000,0x00000000ee980000,0x00000000eee80000)
 ParOldGen       total 83968K, used 7104K [0x00000000c0000000, 0x00000000c5200000, 0x00000000eaa80000)
  object space 83968K, 8% used [0x00000000c0000000,0x00000000c06f01c0,0x00000000c5200000)
 PSPermGen       total 21504K, used 5887K [0x00000000b5a00000, 0x00000000b6f00000, 0x00000000c0000000)
  object space 21504K, 27% used [0x00000000b5a00000,0x00000000b5fbfc20,0x00000000b6f00000)
Event: 6.609 GC heap after
Heap after GC invocations=3 (full 0):
 PSYoungGen      total 69632K, used 5100K [0x00000000eaa80000, 0x00000000f3280000, 0x0000000100000000)
  eden space 64512K, 0% used [0x00000000eaa80000,0x00000000eaa80000,0x00000000ee980000)
  from space 5120K, 99% used [0x00000000ee980000,0x00000000eee7b1d8,0x00000000eee80000)
  to   space 5120K, 0% used [0x00000000f2d80000,0x00000000f2d80000,0x00000000f3280000)
 ParOldGen       total 83968K, used 16703K [0x00000000c0000000, 0x00000000c5200000, 0x00000000eaa80000)
  object space 83968K, 19% used [0x00000000c0000000,0x00000000c104ff08,0x00000000c5200000)
 PSPermGen       total 21504K, used 5887K [0x00000000b5a00000, 0x00000000b6f00000, 0x00000000c0000000)
  object space 21504K, 27% used [0x00000000b5a00000,0x00000000b5fbfc20,0x00000000b6f00000)
}
Event: 8.074 GC heap before
{Heap before GC invocations=4 (full 0):
 PSYoungGen      total 69632K, used 69612K [0x00000000eaa80000, 0x00000000f3280000, 0x0000000100000000)
  eden space 64512K, 100% used [0x00000000eaa80000,0x00000000ee980000,0x00000000ee980000)
  from space 5120K, 99% used [0x00000000ee980000,0x00000000eee7b1d8,0x00000000eee80000)
  to   space 5120K, 0% used [0x00000000f2d80000,0x00000000f2d80000,0x00000000f3280000)
 ParOldGen       total 83968K, used 16703K [0x00000000c0000000, 0x00000000c5200000, 0x00000000eaa80000)
  object space 83968K, 19% used [0x00000000c0000000,0x00000000c104ff08,0x00000000c5200000)
 PSPermGen       total 21504K, used 5927K [0x00000000b5a00000, 0x00000000b6f00000, 0x00000000c0000000)
  object space 21504K, 27% used [0x00000000b5a00000,0x00000000b5fc9c40,0x00000000b6f00000)
Event: 8.118 GC heap after
Heap after GC invocations=4 (full 0):
 PSYoungGen      total 134144K, used 5119K [0x00000000eaa80000, 0x00000000f3280000, 0x0000000100000000)
  eden space 129024K, 0% used [0x00000000eaa80000,0x00000000eaa80000,0x00000000f2880000)
  from space 5120K, 99% used [0x00000000f2d80000,0x00000000f327fd88,0x00000000f3280000)
  to   space 5120K, 0% used [0x00000000f2880000,0x00000000f2880000,0x00000000f2d80000)
 ParOldGen       total 83968K, used 27189K [0x00000000c0000000, 0x00000000c5200000, 0x00000000eaa80000)
  object space 83968K, 32% used [0x00000000c0000000,0x00000000c1a8d5e8,0x00000000c5200000)
 PSPermGen       total 21504K, used 5927K [0x00000000b5a00000, 0x00000000b6f00000, 0x00000000c0000000)
  object space 21504K, 27% used [0x00000000b5a00000,0x00000000b5fc9c40,0x00000000b6f00000)
}
Event: 9.715 GC heap before
{Heap before GC invocations=5 (full 0):
 PSYoungGen      total 134144K, used 134143K [0x00000000eaa80000, 0x00000000f3280000, 0x0000000100000000)
  eden space 129024K, 100% used [0x00000000eaa80000,0x00000000f2880000,0x00000000f2880000)
  from space 5120K, 99% used [0x00000000f2d80000,0x00000000f327fd88,0x00000000f3280000)
  to   space 5120K, 0% used [0x00000000f2880000,0x00000000f2880000,0x00000000f2d80000)
 ParOldGen       total 83968K, used 27189K [0x00000000c0000000, 0x00000000c5200000, 0x00000000eaa80000)
  object space 83968K, 32% used [0x00000000c0000000,0x00000000c1a8d5e8,0x00000000c5200000)
 PSPermGen       total 21504K, used 5997K [0x00000000b5a00000, 0x00000000b6f00000, 0x00000000c0000000)
  object space 21504K, 27% used [0x00000000b5a00000,0x00000000b5fdb590,0x00000000b6f00000)

Deoptimization events (10 events):
Event: 8.552 Thread 0x00007fa04c00a800 Uncommon trap: reason=bimorphic action=maybe_recompile pc=0x00007fa049145e44 method=com.android.dx.ssa.LiteralOpUpgrader.tryReplacingWithConstant(Lcom/android/dx/ssa/NormalSsaInsn;)Z @ 52
Event: 8.553 Thread 0x00007fa04c00a800 Uncommon trap: reason=bimorphic action=maybe_recompile pc=0x00007fa049152dd0 method=com.android.dx.ssa.LiteralOpUpgrader.tryReplacingWithConstant(Lcom/android/dx/ssa/NormalSsaInsn;)Z @ 52
Event: 8.908 Thread 0x00007fa04c00a800 Uncommon trap: reason=class_check action=maybe_recompile pc=0x00007fa04910097c method=com.android.dx.cf.code.Ropper.processBlock(Lcom/android/dx/cf/code/ByteBlock;Lcom/android/dx/cf/code/Frame;[I)V @ 777
Event: 8.908 Thread 0x00007fa04c00a800 Uncommon trap: reason=class_check action=maybe_recompile pc=0x00007fa04910097c method=com.android.dx.cf.code.Ropper.processBlock(Lcom/android/dx/cf/code/ByteBlock;Lcom/android/dx/cf/code/Frame;[I)V @ 777
Event: 9.280 Thread 0x00007fa04c00a800 Uncommon trap: reason=unloaded action=reinterpret pc=0x00007fa0491eb9bc method=com.android.dx.cf.code.Ropper.addReturnBlock()V @ 45
Event: 9.280 Thread 0x00007fa04c00a800 Uncommon trap: reason=unreached action=reinterpret pc=0x00007fa04913326c method=com.android.dx.ssa.MoveParamCombiner$1.visitNonMoveInsn(Lcom/android/dx/ssa/NormalSsaInsn;)V @ 27
Event: 9.288 Thread 0x00007fa04c00a800 Uncommon trap: reason=bimorphic action=maybe_recompile pc=0x00007fa04927918c method=com.android.dx.ssa.LiteralOpUpgrader.tryReplacingWithConstant(Lcom/android/dx/ssa/NormalSsaInsn;)Z @ 62
Event: 9.290 Thread 0x00007fa04c00a800 Uncommon trap: reason=bimorphic action=maybe_recompile pc=0x00007fa04927918c method=com.android.dx.ssa.LiteralOpUpgrader.tryReplacingWithConstant(Lcom/android/dx/ssa/NormalSsaInsn;)Z @ 62
Event: 9.299 Thread 0x00007fa04c00a800 Uncommon trap: reason=bimorphic action=maybe_recompile pc=0x00007fa049298a04 method=com.android.dx.cf.code.BytecodeArray.parseInstruction(ILcom/android/dx/cf/code/BytecodeArray$Visitor;)I @ 1357
Event: 9.299 Thread 0x00007fa04c00a800 Uncommon trap: reason=bimorphic action=maybe_recompile pc=0x00007fa049298a04 method=com.android.dx.cf.code.BytecodeArray.parseInstruction(ILcom/android/dx/cf/code/BytecodeArray$Visitor;)I @ 1357

Internal exceptions (10 events):
Event: 2.048 Thread 0x00007fa04c00a800 Threw 0x00000000ec1b3d98 at /build/openjdk-7-FO0dNI/openjdk-7-7u79-2.5.6/build/openjdk/hotspot/src/share/vm/prims/jvm.cpp:1284
Event: 2.073 Thread 0x00007fa04c00a800 Threw 0x00000000ec28d328 at /build/openjdk-7-FO0dNI/openjdk-7-7u79-2.5.6/build/openjdk/hotspot/src/share/vm/prims/jvm.cpp:1284
Event: 2.074 Thread 0x00007fa04c00a800 Threw 0x00000000ec293310 at /build/openjdk-7-FO0dNI/openjdk-7-7u79-2.5.6/build/openjdk/hotspot/src/share/vm/prims/jvm.cpp:1284
Event: 2.074 Thread 0x00007fa04c00a800 Threw 0x00000000ec299110 at /build/openjdk-7-FO0dNI/openjdk-7-7u79-2.5.6/build/openjdk/hotspot/src/share/vm/prims/jvm.cpp:1284
Event: 2.758 Thread 0x00007fa04c00a800 Implicit null exception at 0x00007fa0490c59d3 to 0x00007fa0490c60fd
Event: 4.410 Thread 0x00007fa04c00a800 Threw 0x00000000eb33ec18 at /build/openjdk-7-FO0dNI/openjdk-7-7u79-2.5.6/build/openjdk/hotspot/src/share/vm/prims/jvm.cpp:1284
Event: 5.463 Thread 0x00007fa04c00a800 Implicit null exception at 0x00007fa0490ba5c8 to 0x00007fa0490bbcd9
Event: 7.347 Thread 0x00007fa04c00a800 Implicit null exception at 0x00007fa0491ad5eb to 0x00007fa0491ad855
Event: 7.347 Thread 0x00007fa04c00a800 Implicit null exception at 0x00007fa0491587bc to 0x00007fa0491588d1
Event: 7.807 Thread 0x00007fa04c00a800 Threw 0x00000000ed8c9700 at /build/openjdk-7-FO0dNI/openjdk-7-7u79-2.5.6/build/openjdk/hotspot/src/share/vm/prims/jvm.cpp:1284

Events (10 events):
Event: 9.299 Thread 0x00007fa04c00a800 Uncommon trap: trap_request=0xffffffc6 fr.pc=0x00007fa049298a04
Event: 9.299 Thread 0x00007fa04c00a800 DEOPT PACKING pc=0x00007fa049298a04 sp=0x00007fa053d79d00
Event: 9.299 Thread 0x00007fa04c00a800 DEOPT UNPACKING pc=0x00007fa049039445 sp=0x00007fa053d79cc0 mode 2
Event: 9.299 Thread 0x00007fa04c00a800 Uncommon trap: trap_request=0xffffffc6 fr.pc=0x00007fa049298a04
Event: 9.299 Thread 0x00007fa04c00a800 DEOPT PACKING pc=0x00007fa049298a04 sp=0x00007fa053d79d90
Event: 9.299 Thread 0x00007fa04c00a800 DEOPT UNPACKING pc=0x00007fa049039445 sp=0x00007fa053d79d50 mode 2
Event: 9.311 Thread 0x00007fa04c0ac000 flushing nmethod 0x00007fa049122f90
Event: 9.340 Thread 0x00007fa04c0ac000 flushing nmethod 0x00007fa049173d10
Event: 9.340 Thread 0x00007fa04c0ac000 flushing nmethod 0x00007fa04919de50
Event: 9.715 Executing VM operation: ParallelGCFailedAllocation


Dynamic libraries:
00400000-00401000 r-xp 00000000 08:01 5140532                            /usr/lib/jvm/java-7-openjdk-amd64/jre/bin/java
00600000-00601000 r--p 00000000 08:01 5140532                            /usr/lib/jvm/java-7-openjdk-amd64/jre/bin/java
00601000-00602000 rw-p 00001000 08:01 5140532                            /usr/lib/jvm/java-7-openjdk-amd64/jre/bin/java
0259c000-025bd000 rw-p 00000000 00:00 0                                  [heap]
b5a00000-b6f00000 rw-p 00000000 00:00 0 
b6f00000-c0000000 rw-p 00000000 00:00 0 
c0000000-c5200000 rw-p 00000000 00:00 0 
c5200000-eaa80000 rw-p 00000000 00:00 0 
eaa80000-f3280000 rw-p 00000000 00:00 0 
fd980000-100000000 rw-p 00000000 00:00 0 
7fa012efd000-7fa012f3a000 r-xp 00000000 08:01 4196576                    /lib/x86_64-linux-gnu/libpcre.so.3.13.1
7fa012f3a000-7fa013139000 ---p 0003d000 08:01 4196576                    /lib/x86_64-linux-gnu/libpcre.so.3.13.1
7fa013139000-7fa01313a000 r--p 0003c000 08:01 4196576                    /lib/x86_64-linux-gnu/libpcre.so.3.13.1
7fa01313a000-7fa01313b000 rw-p 0003d000 08:01 4196576                    /lib/x86_64-linux-gnu/libpcre.so.3.13.1
7fa01313b000-7fa013142000 r-xp 00000000 08:01 5120515                    /usr/lib/x86_64-linux-gnu/libffi.so.6.0.1
7fa013142000-7fa013341000 ---p 00007000 08:01 5120515                    /usr/lib/x86_64-linux-gnu/libffi.so.6.0.1
7fa013341000-7fa013342000 r--p 00006000 08:01 5120515                    /usr/lib/x86_64-linux-gnu/libffi.so.6.0.1
7fa013342000-7fa013343000 rw-p 00007000 08:01 5120515                    /usr/lib/x86_64-linux-gnu/libffi.so.6.0.1
7fa013343000-7fa01335a000 r-xp 00000000 08:01 4194309                    /lib/x86_64-linux-gnu/libresolv-2.19.so
7fa01335a000-7fa01355a000 ---p 00017000 08:01 4194309                    /lib/x86_64-linux-gnu/libresolv-2.19.so
7fa01355a000-7fa01355b000 r--p 00017000 08:01 4194309                    /lib/x86_64-linux-gnu/libresolv-2.19.so
7fa01355b000-7fa01355c000 rw-p 00018000 08:01 4194309                    /lib/x86_64-linux-gnu/libresolv-2.19.so
7fa01355c000-7fa01355e000 rw-p 00000000 00:00 0 
7fa01355e000-7fa01357e000 r-xp 00000000 08:01 4194333                    /lib/x86_64-linux-gnu/libselinux.so.1
7fa01357e000-7fa01377d000 ---p 00020000 08:01 4194333                    /lib/x86_64-linux-gnu/libselinux.so.1
7fa01377d000-7fa01377e000 r--p 0001f000 08:01 4194333                    /lib/x86_64-linux-gnu/libselinux.so.1
7fa01377e000-7fa01377f000 rw-p 00020000 08:01 4194333                    /lib/x86_64-linux-gnu/libselinux.so.1
7fa01377f000-7fa013781000 rw-p 00000000 00:00 0 
7fa013781000-7fa013784000 r-xp 00000000 08:01 5112172                    /usr/lib/x86_64-linux-gnu/libgmodule-2.0.so.0.4002.0
7fa013784000-7fa013983000 ---p 00003000 08:01 5112172                    /usr/lib/x86_64-linux-gnu/libgmodule-2.0.so.0.4002.0
7fa013983000-7fa013984000 r--p 00002000 08:01 5112172                    /usr/lib/x86_64-linux-gnu/libgmodule-2.0.so.0.4002.0
7fa013984000-7fa013985000 rw-p 00003000 08:01 5112172                    /usr/lib/x86_64-linux-gnu/libgmodule-2.0.so.0.4002.0
7fa013985000-7fa013a8b000 r-xp 00000000 08:01 4195504                    /lib/x86_64-linux-gnu/libglib-2.0.so.0.4002.0
7fa013a8b000-7fa013c8a000 ---p 00106000 08:01 4195504                    /lib/x86_64-linux-gnu/libglib-2.0.so.0.4002.0
7fa013c8a000-7fa013c8b000 r--p 00105000 08:01 4195504                    /lib/x86_64-linux-gnu/libglib-2.0.so.0.4002.0
7fa013c8b000-7fa013c8c000 rw-p 00106000 08:01 4195504                    /lib/x86_64-linux-gnu/libglib-2.0.so.0.4002.0
7fa013c8c000-7fa013c8d000 rw-p 00000000 00:00 0 
7fa013c8d000-7fa013df9000 r-xp 00000000 08:01 5112194                    /usr/lib/x86_64-linux-gnu/libgio-2.0.so.0.4002.0
7fa013df9000-7fa013ff8000 ---p 0016c000 08:01 5112194                    /usr/lib/x86_64-linux-gnu/libgio-2.0.so.0.4002.0
7fa013ff8000-7fa013ffc000 r--p 0016b000 08:01 5112194                    /usr/lib/x86_64-linux-gnu/libgio-2.0.so.0.4002.0
7fa013ffc000-7fa013ffe000 rw-p 0016f000 08:01 5112194                    /usr/lib/x86_64-linux-gnu/libgio-2.0.so.0.4002.0
7fa013ffe000-7fa014000000 rw-p 00000000 00:00 0 
7fa014000000-7fa014021000 rw-p 00000000 00:00 0 
7fa014021000-7fa018000000 ---p 00000000 00:00 0 
7fa018000000-7fa018021000 rw-p 00000000 00:00 0 
7fa018021000-7fa01c000000 ---p 00000000 00:00 0 
7fa01c000000-7fa01cda5000 rw-p 00000000 00:00 0 
7fa01cda5000-7fa020000000 ---p 00000000 00:00 0 
7fa020000000-7fa020dbd000 rw-p 00000000 00:00 0 
7fa020dbd000-7fa024000000 ---p 00000000 00:00 0 
7fa024000000-7fa024021000 rw-p 00000000 00:00 0 
7fa024021000-7fa028000000 ---p 00000000 00:00 0 
7fa028000000-7fa028021000 rw-p 00000000 00:00 0 
7fa028021000-7fa02c000000 ---p 00000000 00:00 0 
7fa02c000000-7fa02c241000 rw-p 00000000 00:00 0 
7fa02c241000-7fa030000000 ---p 00000000 00:00 0 
7fa030000000-7fa030021000 rw-p 00000000 00:00 0 
7fa030021000-7fa034000000 ---p 00000000 00:00 0 
7fa034000000-7fa034021000 rw-p 00000000 00:00 0 
7fa034021000-7fa038000000 ---p 00000000 00:00 0 
7fa038000000-7fa038021000 rw-p 00000000 00:00 0 
7fa038021000-7fa03c000000 ---p 00000000 00:00 0 
7fa03c000000-7fa03c021000 rw-p 00000000 00:00 0 
7fa03c021000-7fa040000000 ---p 00000000 00:00 0 
7fa040022000-7fa040071000 r-xp 00000000 08:01 5112190                    /usr/lib/x86_64-linux-gnu/libgobject-2.0.so.0.4002.0
7fa040071000-7fa040271000 ---p 0004f000 08:01 5112190                    /usr/lib/x86_64-linux-gnu/libgobject-2.0.so.0.4002.0
7fa040271000-7fa040272000 r--p 0004f000 08:01 5112190                    /usr/lib/x86_64-linux-gnu/libgobject-2.0.so.0.4002.0
7fa040272000-7fa040273000 rw-p 00050000 08:01 5112190                    /usr/lib/x86_64-linux-gnu/libgobject-2.0.so.0.4002.0
7fa040273000-7fa04028a000 r-xp 00000000 08:01 5140489                    /usr/lib/jvm/java-7-openjdk-amd64/jre/lib/amd64/libnet.so
7fa04028a000-7fa040489000 ---p 00017000 08:01 5140489                    /usr/lib/jvm/java-7-openjdk-amd64/jre/lib/amd64/libnet.so
7fa040489000-7fa04048a000 r--p 00016000 08:01 5140489                    /usr/lib/jvm/java-7-openjdk-amd64/jre/lib/amd64/libnet.so
7fa04048a000-7fa04048b000 rw-p 00017000 08:01 5140489                    /usr/lib/jvm/java-7-openjdk-amd64/jre/lib/amd64/libnet.so
7fa04048b000-7fa04049b000 r-xp 00000000 08:01 5140494                    /usr/lib/jvm/java-7-openjdk-amd64/jre/lib/amd64/libnio.so
7fa04049b000-7fa04069b000 ---p 00010000 08:01 5140494                    /usr/lib/jvm/java-7-openjdk-amd64/jre/lib/amd64/libnio.so
7fa04069b000-7fa04069c000 r--p 00010000 08:01 5140494                    /usr/lib/jvm/java-7-openjdk-amd64/jre/lib/amd64/libnio.so
7fa04069c000-7fa04069d000 rw-p 00011000 08:01 5140494                    /usr/lib/jvm/java-7-openjdk-amd64/jre/lib/amd64/libnio.so
7fa04069d000-7fa04069e000 ---p 00000000 00:00 0 
7fa04069e000-7fa04079e000 rw-p 00000000 00:00 0                          [stack:23857]
7fa04079e000-7fa0407a1000 ---p 00000000 00:00 0 
7fa0407a1000-7fa04089f000 rw-p 00000000 00:00 0                          [stack:23856]
7fa04089f000-7fa0408a2000 ---p 00000000 00:00 0 
7fa0408a2000-7fa0409a0000 rw-p 00000000 00:00 0                          [stack:23855]
7fa0409a0000-7fa0409a3000 ---p 00000000 00:00 0 
7fa0409a3000-7fa040aa1000 rw-p 00000000 00:00 0                          [stack:23854]
7fa040aa1000-7fa040aa4000 ---p 00000000 00:00 0 
7fa040aa4000-7fa040ba2000 rw-p 00000000 00:00 0                          [stack:23852]
7fa040ba2000-7fa0412c8000 r--p 00000000 08:01 5119151                    /usr/lib/locale/locale-archive
7fa0412c8000-7fa0412cb000 ---p 00000000 00:00 0 
7fa0412cb000-7fa0413c9000 rw-p 00000000 00:00 0                          [stack:23837]
7fa0413c9000-7fa0413cc000 ---p 00000000 00:00 0 
7fa0413cc000-7fa0414ca000 rw-p 00000000 00:00 0                          [stack:23836]
7fa0414ca000-7fa0414cb000 ---p 00000000 00:00 0 
7fa0414cb000-7fa044000000 rw-p 00000000 00:00 0                          [stack:23827]
7fa044000000-7fa044021000 rw-p 00000000 00:00 0 
7fa044021000-7fa048000000 ---p 00000000 00:00 0 
7fa048007000-7fa04807d000 rw-p 00000000 00:00 0 
7fa04809d000-7fa0480af000 r--s 000c6000 08:01 4926955                    /var/www/android-project/TestAnd/app/build/intermediates/exploded-aar/com.android.support/support-v4/22.2.1/jars/classes.jar
7fa0480af000-7fa048b86000 rw-p 00000000 00:00 0 
7fa048b86000-7fa048d37000 r--s 01d29000 08:01 5118262                    /usr/lib/jvm/java-7-openjdk-amd64/jre/lib/rt.jar
7fa048d37000-7fa049000000 rw-p 00000000 00:00 0 
7fa049000000-7fa0492d0000 rwxp 00000000 00:00 0 
7fa0492d0000-7fa04c20f000 rw-p 00000000 00:00 0 
7fa04c20f000-7fa050000000 ---p 00000000 00:00 0 
7fa050006000-7fa0500c2000 rw-p 00000000 00:00 0 
7fa0500c2000-7fa0500c3000 ---p 00000000 00:00 0 
7fa0500c3000-7fa0501c3000 rw-p 00000000 00:00 0                          [stack:23813]
7fa0501c3000-7fa0501c4000 ---p 00000000 00:00 0 
7fa0501c4000-7fa0502c4000 rw-p 00000000 00:00 0                          [stack:23812]
7fa0502c4000-7fa0502c5000 ---p 00000000 00:00 0 
7fa0502c5000-7fa0503c5000 rw-p 00000000 00:00 0                          [stack:23811]
7fa0503c5000-7fa0503c6000 ---p 00000000 00:00 0 
7fa0503c6000-7fa0504d1000 rw-p 00000000 00:00 0                          [stack:23810]
7fa0504d1000-7fa050519000 rw-p 00000000 00:00 0 
7fa050519000-7fa050542000 rw-p 00000000 00:00 0 
7fa050542000-7fa05066f000 rw-p 00000000 00:00 0 
7fa05066f000-7fa05067a000 rw-p 00000000 00:00 0 
7fa05067a000-7fa0506c2000 rw-p 00000000 00:00 0 
7fa0506c2000-7fa0506eb000 rw-p 00000000 00:00 0 
7fa0506eb000-7fa050817000 rw-p 00000000 00:00 0 
7fa050817000-7fa05085c000 rw-p 00000000 00:00 0 
7fa05085c000-7fa0508c2000 rw-p 00000000 00:00 0 
7fa0508c2000-7fa0508c3000 rw-p 00000000 00:00 0 
7fa0508c3000-7fa0508cb000 r-xp 00000000 08:01 5140463                    /usr/lib/jvm/java-7-openjdk-amd64/jre/lib/amd64/libzip.so
7fa0508cb000-7fa050aca000 ---p 00008000 08:01 5140463                    /usr/lib/jvm/java-7-openjdk-amd64/jre/lib/amd64/libzip.so
7fa050aca000-7fa050acb000 r--p 00007000 08:01 5140463                    /usr/lib/jvm/java-7-openjdk-amd64/jre/lib/amd64/libzip.so
7fa050acb000-7fa050acc000 rw-p 00008000 08:01 5140463                    /usr/lib/jvm/java-7-openjdk-amd64/jre/lib/amd64/libzip.so
7fa050acc000-7fa050ad7000 r-xp 00000000 08:01 4207759                    /lib/x86_64-linux-gnu/libnss_files-2.19.so
7fa050ad7000-7fa050cd6000 ---p 0000b000 08:01 4207759                    /lib/x86_64-linux-gnu/libnss_files-2.19.so
7fa050cd6000-7fa050cd7000 r--p 0000a000 08:01 4207759                    /lib/x86_64-linux-gnu/libnss_files-2.19.so
7fa050cd7000-7fa050cd8000 rw-p 0000b000 08:01 4207759                    /lib/x86_64-linux-gnu/libnss_files-2.19.so
7fa050cd8000-7fa050ce3000 r-xp 00000000 08:01 4214180                    /lib/x86_64-linux-gnu/libnss_nis-2.19.so
7fa050ce3000-7fa050ee2000 ---p 0000b000 08:01 4214180                    /lib/x86_64-linux-gnu/libnss_nis-2.19.so
7fa050ee2000-7fa050ee3000 r--p 0000a000 08:01 4214180                    /lib/x86_64-linux-gnu/libnss_nis-2.19.so
7fa050ee3000-7fa050ee4000 rw-p 0000b000 08:01 4214180                    /lib/x86_64-linux-gnu/libnss_nis-2.19.so
7fa050ee4000-7fa050efb000 r-xp 00000000 08:01 4209445                    /lib/x86_64-linux-gnu/libnsl-2.19.so
7fa050efb000-7fa0510fa000 ---p 00017000 08:01 4209445                    /lib/x86_64-linux-gnu/libnsl-2.19.so
7fa0510fa000-7fa0510fb000 r--p 00016000 08:01 4209445                    /lib/x86_64-linux-gnu/libnsl-2.19.so
7fa0510fb000-7fa0510fc000 rw-p 00017000 08:01 4209445                    /lib/x86_64-linux-gnu/libnsl-2.19.so
7fa0510fc000-7fa0510fe000 rw-p 00000000 00:00 0 
7fa0510fe000-7fa051107000 r-xp 00000000 08:01 4209444                    /lib/x86_64-linux-gnu/libnss_compat-2.19.so
7fa051107000-7fa051306000 ---p 00009000 08:01 4209444                    /lib/x86_64-linux-gnu/libnss_compat-2.19.so
7fa051306000-7fa051307000 r--p 00008000 08:01 4209444                    /lib/x86_64-linux-gnu/libnss_compat-2.19.so
7fa051307000-7fa051308000 rw-p 00009000 08:01 4209444                    /lib/x86_64-linux-gnu/libnss_compat-2.19.so
7fa051308000-7fa051333000 r-xp 00000000 08:01 5140497                    /usr/lib/jvm/java-7-openjdk-amd64/jre/lib/amd64/libjava.so
7fa051333000-7fa051532000 ---p 0002b000 08:01 5140497                    /usr/lib/jvm/java-7-openjdk-amd64/jre/lib/amd64/libjava.so
7fa051532000-7fa051533000 r--p 0002a000 08:01 5140497                    /usr/lib/jvm/java-7-openjdk-amd64/jre/lib/amd64/libjava.so
7fa051533000-7fa051535000 rw-p 0002b000 08:01 5140497                    /usr/lib/jvm/java-7-openjdk-amd64/jre/lib/amd64/libjava.so
7fa051535000-7fa051545000 r-xp 00000000 08:01 5140479                    /usr/lib/jvm/java-7-openjdk-amd64/jre/lib/amd64/libverify.so
7fa051545000-7fa051744000 ---p 00010000 08:01 5140479                    /usr/lib/jvm/java-7-openjdk-amd64/jre/lib/amd64/libverify.so
7fa051744000-7fa051746000 r--p 0000f000 08:01 5140479                    /usr/lib/jvm/java-7-openjdk-amd64/jre/lib/amd64/libverify.so
7fa051746000-7fa051747000 rw-p 00011000 08:01 5140479                    /usr/lib/jvm/java-7-openjdk-amd64/jre/lib/amd64/libverify.so
7fa051747000-7fa05174e000 r-xp 00000000 08:01 4209890                    /lib/x86_64-linux-gnu/librt-2.19.so
7fa05174e000-7fa05194d000 ---p 00007000 08:01 4209890                    /lib/x86_64-linux-gnu/librt-2.19.so
7fa05194d000-7fa05194e000 r--p 00006000 08:01 4209890                    /lib/x86_64-linux-gnu/librt-2.19.so
7fa05194e000-7fa05194f000 rw-p 00007000 08:01 4209890                    /lib/x86_64-linux-gnu/librt-2.19.so
7fa05194f000-7fa051965000 r-xp 00000000 08:01 4194405                    /lib/x86_64-linux-gnu/libgcc_s.so.1
7fa051965000-7fa051b64000 ---p 00016000 08:01 4194405                    /lib/x86_64-linux-gnu/libgcc_s.so.1
7fa051b64000-7fa051b65000 rw-p 00015000 08:01 4194405                    /lib/x86_64-linux-gnu/libgcc_s.so.1
7fa051b65000-7fa051c6a000 r-xp 00000000 08:01 4194323                    /lib/x86_64-linux-gnu/libm-2.19.so
7fa051c6a000-7fa051e69000 ---p 00105000 08:01 4194323                    /lib/x86_64-linux-gnu/libm-2.19.so
7fa051e69000-7fa051e6a000 r--p 00104000 08:01 4194323                    /lib/x86_64-linux-gnu/libm-2.19.so
7fa051e6a000-7fa051e6b000 rw-p 00105000 08:01 4194323                    /lib/x86_64-linux-gnu/libm-2.19.so
7fa051e6b000-7fa051f51000 r-xp 00000000 08:01 5127079                    /usr/lib/x86_64-linux-gnu/libstdc++.so.6.0.19
7fa051f51000-7fa052150000 ---p 000e6000 08:01 5127079                    /usr/lib/x86_64-linux-gnu/libstdc++.so.6.0.19
7fa052150000-7fa052158000 r--p 000e5000 08:01 5127079                    /usr/lib/x86_64-linux-gnu/libstdc++.so.6.0.19
7fa052158000-7fa05215a000 rw-p 000ed000 08:01 5127079                    /usr/lib/x86_64-linux-gnu/libstdc++.so.6.0.19
7fa05215a000-7fa05216f000 rw-p 00000000 00:00 0 
7fa05216f000-7fa052c88000 r-xp 00000000 08:01 5140467                    /usr/lib/jvm/java-7-openjdk-amd64/jre/lib/amd64/server/libjvm.so
7fa052c88000-7fa052e88000 ---p 00b19000 08:01 5140467                    /usr/lib/jvm/java-7-openjdk-amd64/jre/lib/amd64/server/libjvm.so
7fa052e88000-7fa052f22000 r--p 00b19000 08:01 5140467                    /usr/lib/jvm/java-7-openjdk-amd64/jre/lib/amd64/server/libjvm.so
7fa052f22000-7fa052f45000 rw-p 00bb3000 08:01 5140467                    /usr/lib/jvm/java-7-openjdk-amd64/jre/lib/amd64/server/libjvm.so
7fa052f45000-7fa052f73000 rw-p 00000000 00:00 0 
7fa052f73000-7fa052f8b000 r-xp 00000000 08:01 4198485                    /lib/x86_64-linux-gnu/libz.so.1.2.8
7fa052f8b000-7fa05318a000 ---p 00018000 08:01 4198485                    /lib/x86_64-linux-gnu/libz.so.1.2.8
7fa05318a000-7fa05318b000 r--p 00017000 08:01 4198485                    /lib/x86_64-linux-gnu/libz.so.1.2.8
7fa05318b000-7fa05318c000 rw-p 00018000 08:01 4198485                    /lib/x86_64-linux-gnu/libz.so.1.2.8
7fa05318c000-7fa0531a5000 r-xp 00000000 08:01 4209879                    /lib/x86_64-linux-gnu/libpthread-2.19.so
7fa0531a5000-7fa0533a4000 ---p 00019000 08:01 4209879                    /lib/x86_64-linux-gnu/libpthread-2.19.so
7fa0533a4000-7fa0533a5000 r--p 00018000 08:01 4209879                    /lib/x86_64-linux-gnu/libpthread-2.19.so
7fa0533a5000-7fa0533a6000 rw-p 00019000 08:01 4209879                    /lib/x86_64-linux-gnu/libpthread-2.19.so
7fa0533a6000-7fa0533aa000 rw-p 00000000 00:00 0 
7fa0533aa000-7fa0533ad000 r-xp 00000000 08:01 4209433                    /lib/x86_64-linux-gnu/libdl-2.19.so
7fa0533ad000-7fa0535ac000 ---p 00003000 08:01 4209433                    /lib/x86_64-linux-gnu/libdl-2.19.so
7fa0535ac000-7fa0535ad000 r--p 00002000 08:01 4209433                    /lib/x86_64-linux-gnu/libdl-2.19.so
7fa0535ad000-7fa0535ae000 rw-p 00003000 08:01 4209433                    /lib/x86_64-linux-gnu/libdl-2.19.so
7fa0535ae000-7fa053769000 r-xp 00000000 08:01 4209877                    /lib/x86_64-linux-gnu/libc-2.19.so
7fa053769000-7fa053968000 ---p 001bb000 08:01 4209877                    /lib/x86_64-linux-gnu/libc-2.19.so
7fa053968000-7fa05396c000 r--p 001ba000 08:01 4209877                    /lib/x86_64-linux-gnu/libc-2.19.so
7fa05396c000-7fa05396e000 rw-p 001be000 08:01 4209877                    /lib/x86_64-linux-gnu/libc-2.19.so
7fa05396e000-7fa053973000 rw-p 00000000 00:00 0 
7fa053973000-7fa053980000 r-xp 00000000 08:01 5140465                    /usr/lib/jvm/java-7-openjdk-amd64/jre/lib/amd64/jli/libjli.so
7fa053980000-7fa053b7f000 ---p 0000d000 08:01 5140465                    /usr/lib/jvm/java-7-openjdk-amd64/jre/lib/amd64/jli/libjli.so
7fa053b7f000-7fa053b80000 r--p 0000c000 08:01 5140465                    /usr/lib/jvm/java-7-openjdk-amd64/jre/lib/amd64/jli/libjli.so
7fa053b80000-7fa053b81000 rw-p 0000d000 08:01 5140465                    /usr/lib/jvm/java-7-openjdk-amd64/jre/lib/amd64/jli/libjli.so
7fa053b81000-7fa053ba4000 r-xp 00000000 08:01 4209870                    /lib/x86_64-linux-gnu/ld-2.19.so
7fa053bac000-7fa053bbb000 r--s 000dd000 08:01 4602175                    /home/kirthan/Android/Sdk/build-tools/22.0.1/lib/dx.jar
7fa053bbb000-7fa053bc7000 rw-p 00000000 00:00 0 
7fa053bc7000-7fa053c7b000 rw-p 00000000 00:00 0 
7fa053c7b000-7fa053c7e000 ---p 00000000 00:00 0 
7fa053c7e000-7fa053d81000 rw-p 00000000 00:00 0                          [stack:23805]
7fa053d82000-7fa053d83000 rw-p 00000000 00:00 0 
7fa053d83000-7fa053d84000 r--s 00002000 08:01 5140451                    /usr/lib/jvm/java-7-openjdk-amd64/jre/lib/ext/dnsns.jar
7fa053d84000-7fa053d86000 r--s 00012000 08:01 5140455                    /usr/lib/jvm/java-7-openjdk-amd64/jre/lib/ext/zipfs.jar
7fa053d86000-7fa053d89000 r--s 0000f000 08:01 5140454                    /usr/lib/jvm/java-7-openjdk-amd64/jre/lib/ext/icedtea-sound.jar
7fa053d89000-7fa053d8d000 r--s 0003c000 08:01 5140453                    /usr/lib/jvm/java-7-openjdk-amd64/jre/lib/ext/sunpkcs11.jar
7fa053d8d000-7fa053d91000 r--s 00085000 08:01 5140450                    /usr/lib/jvm/java-7-openjdk-amd64/jre/lib/ext/localedata.jar
7fa053d91000-7fa053d93000 r--s 00006000 08:01 2399                       /usr/share/java/java-atk-wrapper.jar
7fa053d93000-7fa053d97000 r--s 00034000 08:01 5140452                    /usr/lib/jvm/java-7-openjdk-amd64/jre/lib/ext/sunjce_provider.jar
7fa053d97000-7fa053d9f000 rw-s 00000000 08:01 5401910                    /tmp/hsperfdata_kirthan/23795
7fa053d9f000-7fa053da0000 rw-p 00000000 00:00 0 
7fa053da0000-7fa053da1000 ---p 00000000 00:00 0 
7fa053da1000-7fa053da3000 rw-p 00000000 00:00 0 
7fa053da3000-7fa053da4000 r--p 00022000 08:01 4209870                    /lib/x86_64-linux-gnu/ld-2.19.so
7fa053da4000-7fa053da5000 rw-p 00023000 08:01 4209870                    /lib/x86_64-linux-gnu/ld-2.19.so
7fa053da5000-7fa053da6000 rw-p 00000000 00:00 0 
7ffeb4980000-7ffeb49a2000 rw-p 00000000 00:00 0                          [stack]
7ffeb49d1000-7ffeb49d3000 r-xp 00000000 00:00 0                          [vdso]
ffffffffff600000-ffffffffff601000 r-xp 00000000 00:00 0                  [vsyscall]

VM Arguments:
jvm_args: -Xmx1024M -Dfile.encoding=UTF-8 -Duser.country=US -Duser.language=en -Duser.variant 
java_command: com.android.dx.command.Main --dex --output /var/www/android-project/TestAnd/app/build/intermediates/pre-dexed/debug/classes-fbc0761ca6e721eadf6fa5611d716fc4d6a9abd2.jar /var/www/android-project/TestAnd/app/build/intermediates/exploded-aar/com.android.support/support-v4/22.2.1/jars/classes.jar
Launcher Type: SUN_STANDARD

Environment Variables:
PATH=/home/kirthan/.node/bin:/usr/local/sbin:/usr/local/bin:/usr/sbin:/usr/bin:/sbin:/bin:/usr/games:/usr/local/games:/usr/local/rvm/bin
LD_LIBRARY_PATH=.:
SHELL=/bin/bash
DISPLAY=:0

Signal Handlers:
SIGSEGV: [libjvm.so+0x94bab0], sa_mask[0]=0x7ffbfeff, sa_flags=0x10000004
SIGBUS: [libjvm.so+0x94bab0], sa_mask[0]=0x7ffbfeff, sa_flags=0x10000004
SIGFPE: [libjvm.so+0x7c38b0], sa_mask[0]=0x7ffbfeff, sa_flags=0x10000004
SIGPIPE: [libjvm.so+0x7c38b0], sa_mask[0]=0x7ffbfeff, sa_flags=0x10000004
SIGXFSZ: [libjvm.so+0x7c38b0], sa_mask[0]=0x7ffbfeff, sa_flags=0x10000004
SIGILL: [libjvm.so+0x7c38b0], sa_mask[0]=0x7ffbfeff, sa_flags=0x10000004
SIGUSR1: SIG_DFL, sa_mask[0]=0x00000000, sa_flags=0x00000000
SIGUSR2: [libjvm.so+0x7c3750], sa_mask[0]=0x00000004, sa_flags=0x10000004
SIGHUP: [libjvm.so+0x7c3930], sa_mask[0]=0x7ffbfeff, sa_flags=0x10000004
SIGINT: [libjvm.so+0x7c3930], sa_mask[0]=0x7ffbfeff, sa_flags=0x10000004
SIGTERM: [libjvm.so+0x7c3930], sa_mask[0]=0x7ffbfeff, sa_flags=0x10000004
SIGQUIT: [libjvm.so+0x7c3930], sa_mask[0]=0x7ffbfeff, sa_flags=0x10000004
SIGTRAP: SIG_DFL, sa_mask[0]=0x00000000, sa_flags=0x00000000


---------------  S Y S T E M  ---------------

OS:Ubuntu 14.04 (trusty)
uname:Linux 3.13.0-62-generic #102-Ubuntu SMP Tue Aug 11 14:29:36 UTC 2015 x86_64
libc:glibc 2.19 NPTL 2.19 
rlimit: STACK 8192k, CORE 0k, NPROC 62901, NOFILE 10000, AS infinity
load average:3.77 2.24 1.17

/proc/meminfo:
MemTotal:        8082920 kB
MemFree:          156124 kB
Buffers:             904 kB
Cached:           896832 kB
SwapCached:            0 kB
Active:          6791980 kB
Inactive:         874604 kB
Active(anon):    6776620 kB
Inactive(anon):   857944 kB
Active(file):      15360 kB
Inactive(file):    16660 kB
Unevictable:        5928 kB
Mlocked:            5928 kB
SwapTotal:             0 kB
SwapFree:              0 kB
Dirty:               816 kB
Writeback:             0 kB
AnonPages:       6774904 kB
Mapped:           262660 kB
Shmem:            861712 kB
Slab:             105424 kB
SReclaimable:      65080 kB
SUnreclaim:        40344 kB
KernelStack:        7248 kB
PageTables:        56152 kB
NFS_Unstable:          0 kB
Bounce:                0 kB
WritebackTmp:          0 kB
CommitLimit:     4041460 kB
Committed_AS:   13980452 kB
VmallocTotal:   34359738367 kB
VmallocUsed:      361928 kB
VmallocChunk:   34359365200 kB
HardwareCorrupted:     0 kB
AnonHugePages:   2746368 kB
HugePages_Total:       0
HugePages_Free:        0
HugePages_Rsvd:        0
HugePages_Surp:        0
Hugepagesize:       2048 kB
DirectMap4k:       76636 kB
DirectMap2M:     8218624 kB


CPU:total 4 (4 cores per cpu, 1 threads per core) family 6 model 42 stepping 7, cmov, cx8, fxsr, mmx, sse, sse2, sse3, ssse3, sse4.1, sse4.2, popcnt, avx, aes, tsc, tscinvbit

/proc/cpuinfo:
processor	: 0
vendor_id	: GenuineIntel
cpu family	: 6
model		: 42
model name	: Intel(R) Core(TM) i5-2400 CPU @ 3.10GHz
stepping	: 7
microcode	: 0x14
cpu MHz		: 3101.000
cache size	: 6144 KB
physical id	: 0
siblings	: 4
core id		: 0
cpu cores	: 4
apicid		: 0
initial apicid	: 0
fpu		: yes
fpu_exception	: yes
cpuid level	: 13
wp		: yes
flags		: fpu vme de pse tsc msr pae mce cx8 apic sep mtrr pge mca cmov pat pse36 clflush dts acpi mmx fxsr sse sse2 ss ht tm pbe syscall nx rdtscp lm constant_tsc arch_perfmon pebs bts rep_good nopl xtopology nonstop_tsc aperfmperf eagerfpu pni pclmulqdq dtes64 monitor ds_cpl vmx smx est tm2 ssse3 cx16 xtpr pdcm pcid sse4_1 sse4_2 x2apic popcnt tsc_deadline_timer aes xsave avx lahf_lm ida arat epb xsaveopt pln pts dtherm tpr_shadow vnmi flexpriority ept vpid
bogomips	: 6186.12
clflush size	: 64
cache_alignment	: 64
address sizes	: 36 bits physical, 48 bits virtual
power management:

processor	: 1
vendor_id	: GenuineIntel
cpu family	: 6
model		: 42
model name	: Intel(R) Core(TM) i5-2400 CPU @ 3.10GHz
stepping	: 7
microcode	: 0x14
cpu MHz		: 3101.000
cache size	: 6144 KB
physical id	: 0
siblings	: 4
core id		: 1
cpu cores	: 4
apicid		: 2
initial apicid	: 2
fpu		: yes
fpu_exception	: yes
cpuid level	: 13
wp		: yes
flags		: fpu vme de pse tsc msr pae mce cx8 apic sep mtrr pge mca cmov pat pse36 clflush dts acpi mmx fxsr sse sse2 ss ht tm pbe syscall nx rdtscp lm constant_tsc arch_perfmon pebs bts rep_good nopl xtopology nonstop_tsc aperfmperf eagerfpu pni pclmulqdq dtes64 monitor ds_cpl vmx smx est tm2 ssse3 cx16 xtpr pdcm pcid sse4_1 sse4_2 x2apic popcnt tsc_deadline_timer aes xsave avx lahf_lm ida arat epb xsaveopt pln pts dtherm tpr_shadow vnmi flexpriority ept vpid
bogomips	: 6186.12
clflush size	: 64
cache_alignment	: 64
address sizes	: 36 bits physical, 48 bits virtual
power management:

processor	: 2
vendor_id	: GenuineIntel
cpu family	: 6
model		: 42
model name	: Intel(R) Core(TM) i5-2400 CPU @ 3.10GHz
stepping	: 7
microcode	: 0x14
cpu MHz		: 3101.000
cache size	: 6144 KB
physical id	: 0
siblings	: 4
core id		: 2
cpu cores	: 4
apicid		: 4
initial apicid	: 4
fpu		: yes
fpu_exception	: yes
cpuid level	: 13
wp		: yes
flags		: fpu vme de pse tsc msr pae mce cx8 apic sep mtrr pge mca cmov pat pse36 clflush dts acpi mmx fxsr sse sse2 ss ht tm pbe syscall nx rdtscp lm constant_tsc arch_perfmon pebs bts rep_good nopl xtopology nonstop_tsc aperfmperf eagerfpu pni pclmulqdq dtes64 monitor ds_cpl vmx smx est tm2 ssse3 cx16 xtpr pdcm pcid sse4_1 sse4_2 x2apic popcnt tsc_deadline_timer aes xsave avx lahf_lm ida arat epb xsaveopt pln pts dtherm tpr_shadow vnmi flexpriority ept vpid
bogomips	: 6186.12
clflush size	: 64
cache_alignment	: 64
address sizes	: 36 bits physical, 48 bits virtual
power management:

processor	: 3
vendor_id	: GenuineIntel
cpu family	: 6
model		: 42
model name	: Intel(R) Core(TM) i5-2400 CPU @ 3.10GHz
stepping	: 7
microcode	: 0x14
cpu MHz		: 1600.000
cache size	: 6144 KB
physical id	: 0
siblings	: 4
core id		: 3
cpu cores	: 4
apicid		: 6
initial apicid	: 6
fpu		: yes
fpu_exception	: yes
cpuid level	: 13
wp		: yes
flags		: fpu vme de pse tsc msr pae mce cx8 apic sep mtrr pge mca cmov pat pse36 clflush dts acpi mmx fxsr sse sse2 ss ht tm pbe syscall nx rdtscp lm constant_tsc arch_perfmon pebs bts rep_good nopl xtopology nonstop_tsc aperfmperf eagerfpu pni pclmulqdq dtes64 monitor ds_cpl vmx smx est tm2 ssse3 cx16 xtpr pdcm pcid sse4_1 sse4_2 x2apic popcnt tsc_deadline_timer aes xsave avx lahf_lm ida arat epb xsaveopt pln pts dtherm tpr_shadow vnmi flexpriority ept vpid
bogomips	: 6186.12
clflush size	: 64
cache_alignment	: 64
address sizes	: 36 bits physical, 48 bits virtual
power management:



Memory: 4k page, physical 8082920k(156124k free), swap 0k(0k free)

vm_info: OpenJDK 64-Bit Server VM (24.79-b02) for linux-amd64 JRE (1.7.0_79-b14), built on Jul 24 2015 08:15:54 by "buildd" with gcc 4.8.2

time: Mon Oct 12 17:03:22 2015
elapsed time: 11 seconds

